{"/home/travis/build/npmtest/node-npmtest-newrelic/test.js":{"path":"/home/travis/build/npmtest/node-npmtest-newrelic/test.js","s":{"1":2,"2":2,"3":2,"4":2,"5":2,"6":2,"7":2,"8":1,"9":2,"10":2,"11":1,"12":1,"13":1,"14":1,"15":2,"16":2,"17":2,"18":2,"19":1,"20":1,"21":2,"22":2,"23":2,"24":1,"25":1,"26":1,"27":1,"28":1,"29":1,"30":1,"31":1,"32":1,"33":1,"34":1,"35":1,"36":2,"37":2,"38":1,"39":2,"40":2,"41":1,"42":2,"43":2,"44":1,"45":1,"46":1,"47":1,"48":1},"b":{"1":[2,1,1,1],"2":[1,1,1,1],"3":[1,1],"4":[1,1],"5":[1,1],"6":[1,1],"7":[1,1],"8":[1,1],"9":[1,1,1],"10":[1,1],"11":[1,1],"12":[1,1],"13":[1,1],"14":[1,1],"15":[1,1]},"f":{"1":2,"2":2,"3":2,"4":2,"5":2,"6":1,"7":1,"8":2,"9":2,"10":2,"11":1},"fnMap":{"1":{"name":"(anonymous_1)","line":12,"loc":{"start":{"line":12,"column":1},"end":{"line":12,"column":13}}},"2":{"name":"(anonymous_2)","line":19,"loc":{"start":{"line":19,"column":5},"end":{"line":19,"column":17}}},"3":{"name":"(anonymous_3)","line":23,"loc":{"start":{"line":23,"column":24},"end":{"line":23,"column":36}}},"4":{"name":"(anonymous_4)","line":61,"loc":{"start":{"line":61,"column":5},"end":{"line":61,"column":17}}},"5":{"name":"(anonymous_5)","line":82,"loc":{"start":{"line":82,"column":5},"end":{"line":82,"column":17}}},"6":{"name":"(anonymous_6)","line":102,"loc":{"start":{"line":102,"column":83},"end":{"line":105,"column":10}},"skip":true},"7":{"name":"(anonymous_7)","line":113,"loc":{"start":{"line":113,"column":77},"end":{"line":116,"column":10}},"skip":true},"8":{"name":"(anonymous_8)","line":127,"loc":{"start":{"line":127,"column":77},"end":{"line":130,"column":10}},"skip":true},"9":{"name":"(anonymous_9)","line":138,"loc":{"start":{"line":138,"column":83},"end":{"line":141,"column":10}},"skip":true},"10":{"name":"(anonymous_10)","line":149,"loc":{"start":{"line":149,"column":79},"end":{"line":152,"column":10}},"skip":true},"11":{"name":"(anonymous_11)","line":160,"loc":{"start":{"line":160,"column":75},"end":{"line":163,"column":10}},"skip":true}},"statementMap":{"1":{"start":{"line":12,"column":0},"end":{"line":175,"column":5}},"2":{"start":{"line":14,"column":4},"end":{"line":14,"column":14}},"3":{"start":{"line":19,"column":4},"end":{"line":56,"column":9}},"4":{"start":{"line":21,"column":8},"end":{"line":21,"column":19}},"5":{"start":{"line":23,"column":8},"end":{"line":35,"column":13}},"6":{"start":{"line":24,"column":12},"end":{"line":34,"column":13}},"7":{"start":{"line":25,"column":16},"end":{"line":28,"column":30}},"8":{"start":{"line":30,"column":16},"end":{"line":33,"column":27}},"9":{"start":{"line":37,"column":8},"end":{"line":39,"column":21}},"10":{"start":{"line":40,"column":8},"end":{"line":53,"column":9}},"11":{"start":{"line":43,"column":12},"end":{"line":46,"column":14}},"12":{"start":{"line":47,"column":12},"end":{"line":47,"column":18}},"13":{"start":{"line":50,"column":12},"end":{"line":51,"column":46}},"14":{"start":{"line":52,"column":12},"end":{"line":52,"column":18}},"15":{"start":{"line":55,"column":8},"end":{"line":55,"column":35}},"16":{"start":{"line":61,"column":4},"end":{"line":63,"column":9}},"17":{"start":{"line":62,"column":8},"end":{"line":62,"column":15}},"18":{"start":{"line":64,"column":4},"end":{"line":77,"column":5}},"19":{"start":{"line":70,"column":8},"end":{"line":70,"column":14}},"20":{"start":{"line":76,"column":8},"end":{"line":76,"column":14}},"21":{"start":{"line":82,"column":4},"end":{"line":84,"column":9}},"22":{"start":{"line":83,"column":8},"end":{"line":83,"column":15}},"23":{"start":{"line":85,"column":4},"end":{"line":174,"column":5}},"24":{"start":{"line":92,"column":8},"end":{"line":94,"column":63}},"25":{"start":{"line":95,"column":8},"end":{"line":95,"column":14}},"26":{"start":{"line":102,"column":8},"end":{"line":111,"column":10},"skip":true},"27":{"start":{"line":109,"column":12},"end":{"line":109,"column":55},"skip":true},"28":{"start":{"line":110,"column":12},"end":{"line":110,"column":48},"skip":true},"29":{"start":{"line":113,"column":8},"end":{"line":125,"column":10},"skip":true},"30":{"start":{"line":120,"column":12},"end":{"line":120,"column":76},"skip":true},"31":{"start":{"line":121,"column":12},"end":{"line":121,"column":73},"skip":true},"32":{"start":{"line":122,"column":12},"end":{"line":122,"column":74},"skip":true},"33":{"start":{"line":123,"column":12},"end":{"line":123,"column":25},"skip":true},"34":{"start":{"line":124,"column":12},"end":{"line":124,"column":45},"skip":true},"35":{"start":{"line":127,"column":8},"end":{"line":136,"column":10},"skip":true},"36":{"start":{"line":134,"column":12},"end":{"line":134,"column":25},"skip":true},"37":{"start":{"line":135,"column":12},"end":{"line":135,"column":45},"skip":true},"38":{"start":{"line":138,"column":8},"end":{"line":147,"column":10},"skip":true},"39":{"start":{"line":145,"column":12},"end":{"line":145,"column":25},"skip":true},"40":{"start":{"line":146,"column":12},"end":{"line":146,"column":48},"skip":true},"41":{"start":{"line":149,"column":8},"end":{"line":158,"column":10},"skip":true},"42":{"start":{"line":156,"column":12},"end":{"line":156,"column":25},"skip":true},"43":{"start":{"line":157,"column":12},"end":{"line":157,"column":46},"skip":true},"44":{"start":{"line":160,"column":8},"end":{"line":169,"column":10},"skip":true},"45":{"start":{"line":167,"column":12},"end":{"line":167,"column":94},"skip":true},"46":{"start":{"line":168,"column":12},"end":{"line":168,"column":48},"skip":true},"47":{"start":{"line":172,"column":8},"end":{"line":172,"column":35},"skip":true},"48":{"start":{"line":173,"column":8},"end":{"line":173,"column":14},"skip":true}},"branchMap":{"1":{"line":25,"type":"binary-expr","locations":[{"start":{"line":25,"column":23},"end":{"line":25,"column":62}},{"start":{"line":26,"column":20},"end":{"line":26,"column":70}},{"start":{"line":27,"column":20},"end":{"line":27,"column":71}},{"start":{"line":28,"column":20},"end":{"line":28,"column":29}}]},"2":{"line":30,"type":"binary-expr","locations":[{"start":{"line":30,"column":23},"end":{"line":30,"column":37}},{"start":{"line":31,"column":20},"end":{"line":31,"column":61}},{"start":{"line":32,"column":20},"end":{"line":32,"column":70}},{"start":{"line":33,"column":20},"end":{"line":33,"column":26}}]},"3":{"line":37,"type":"cond-expr","locations":[{"start":{"line":38,"column":14},"end":{"line":38,"column":20}},{"start":{"line":39,"column":14},"end":{"line":39,"column":20}}]},"4":{"line":40,"type":"switch","locations":[{"start":{"line":42,"column":8},"end":{"line":47,"column":18}},{"start":{"line":49,"column":8},"end":{"line":52,"column":18}}]},"5":{"line":44,"type":"binary-expr","locations":[{"start":{"line":44,"column":16},"end":{"line":44,"column":44}},{"start":{"line":44,"column":48},"end":{"line":44,"column":66}}]},"6":{"line":50,"type":"binary-expr","locations":[{"start":{"line":50,"column":21},"end":{"line":50,"column":49}},{"start":{"line":50,"column":53},"end":{"line":50,"column":72}}]},"7":{"line":64,"type":"switch","locations":[{"start":{"line":69,"column":4},"end":{"line":70,"column":14}},{"start":{"line":75,"column":4},"end":{"line":76,"column":14}}]},"8":{"line":85,"type":"switch","locations":[{"start":{"line":90,"column":4},"end":{"line":95,"column":14}},{"start":{"line":101,"column":4},"end":{"line":173,"column":14},"skip":true}]},"9":{"line":92,"type":"binary-expr","locations":[{"start":{"line":92,"column":18},"end":{"line":92,"column":32}},{"start":{"line":93,"column":12},"end":{"line":93,"column":53}},{"start":{"line":94,"column":12},"end":{"line":94,"column":61}}]},"10":{"line":102,"type":"binary-expr","locations":[{"start":{"line":102,"column":45},"end":{"line":102,"column":79},"skip":true},{"start":{"line":102,"column":83},"end":{"line":111,"column":9},"skip":true}]},"11":{"line":113,"type":"binary-expr","locations":[{"start":{"line":113,"column":42},"end":{"line":113,"column":73},"skip":true},{"start":{"line":113,"column":77},"end":{"line":125,"column":9},"skip":true}]},"12":{"line":127,"type":"binary-expr","locations":[{"start":{"line":127,"column":42},"end":{"line":127,"column":73},"skip":true},{"start":{"line":127,"column":77},"end":{"line":136,"column":9},"skip":true}]},"13":{"line":138,"type":"binary-expr","locations":[{"start":{"line":138,"column":45},"end":{"line":138,"column":79},"skip":true},{"start":{"line":138,"column":83},"end":{"line":147,"column":9},"skip":true}]},"14":{"line":149,"type":"binary-expr","locations":[{"start":{"line":149,"column":43},"end":{"line":149,"column":75},"skip":true},{"start":{"line":149,"column":79},"end":{"line":158,"column":9},"skip":true}]},"15":{"line":160,"type":"binary-expr","locations":[{"start":{"line":160,"column":41},"end":{"line":160,"column":71},"skip":true},{"start":{"line":160,"column":75},"end":{"line":169,"column":9},"skip":true}]}},"code":["/* istanbul instrument in package npmtest_newrelic */","/*jslint","    bitwise: true,","    browser: true,","    maxerr: 8,","    maxlen: 96,","    node: true,","    nomen: true,","    regexp: true,","    stupid: true","*/","(function () {","    'use strict';","    var local;","","","","    // run shared js-env code - pre-init","    (function () {","        // init local","        local = {};","        // init modeJs","        local.modeJs = (function () {","            try {","                return typeof navigator.userAgent === 'string' &&","                    typeof document.querySelector('body') === 'object' &&","                    typeof XMLHttpRequest.prototype.open === 'function' &&","                    'browser';","            } catch (errorCaughtBrowser) {","                return module.exports &&","                    typeof process.versions.node === 'string' &&","                    typeof require('http').createServer === 'function' &&","                    'node';","            }","        }());","        // init global","        local.global = local.modeJs === 'browser'","            ? window","            : global;","        switch (local.modeJs) {","        // re-init local from window.local","        case 'browser':","            local = local.global.utility2.objectSetDefault(","                local.global.utility2_rollup || local.global.local,","                local.global.utility2","            );","            break;","        // re-init local from example.js","        case 'node':","            local = (local.global.utility2_rollup || require('utility2'))","                .requireExampleJsFromReadme();","            break;","        }","        // export local","        local.global.local = local;","    }());","","","","    // run shared js-env code - function","    (function () {","        return;","    }());","    switch (local.modeJs) {","","","","    // run browser js-env code - function","    case 'browser':","        break;","","","","    // run node js-env code - function","    case 'node':","        break;","    }","","","","    // run shared js-env code - post-init","    (function () {","        return;","    }());","    switch (local.modeJs) {","","","","    // run browser js-env code - post-init","    case 'browser':","        // run tests","        local.nop(local.modeTest &&","            document.querySelector('#testRunButton1') &&","            document.querySelector('#testRunButton1').click());","        break;","","","","    // run node js-env code - post-init","    /* istanbul ignore next */","    case 'node':","        local.testCase_buildApidoc_default = local.testCase_buildApidoc_default || function (","            options,","            onError","        ) {","        /*","         * this function will test buildApidoc's default handling-behavior-behavior","         */","            options = { modulePathList: module.paths };","            local.buildApidoc(options, onError);","        };","","        local.testCase_buildApp_default = local.testCase_buildApp_default || function (","            options,","            onError","        ) {","        /*","         * this function will test buildApp's default handling-behavior-behavior","         */","            local.testCase_buildReadme_default(options, local.onErrorThrow);","            local.testCase_buildLib_default(options, local.onErrorThrow);","            local.testCase_buildTest_default(options, local.onErrorThrow);","            options = [];","            local.buildApp(options, onError);","        };","","        local.testCase_buildLib_default = local.testCase_buildLib_default || function (","            options,","            onError","        ) {","        /*","         * this function will test buildLib's default handling-behavior","         */","            options = {};","            local.buildLib(options, onError);","        };","","        local.testCase_buildReadme_default = local.testCase_buildReadme_default || function (","            options,","            onError","        ) {","        /*","         * this function will test buildReadme's default handling-behavior-behavior","         */","            options = {};","            local.buildReadme(options, onError);","        };","","        local.testCase_buildTest_default = local.testCase_buildTest_default || function (","            options,","            onError","        ) {","        /*","         * this function will test buildTest's default handling-behavior","         */","            options = {};","            local.buildTest(options, onError);","        };","","        local.testCase_webpage_default = local.testCase_webpage_default || function (","            options,","            onError","        ) {","        /*","         * this function will test webpage's default handling-behavior","         */","            options = { modeCoverageMerge: true, url: local.serverLocalHost + '?modeTest=1' };","            local.browserTest(options, onError);","        };","","        // run test-server","        local.testRunServer(local);","        break;","    }","}());",""],"l":{"12":2,"14":2,"19":2,"21":2,"23":2,"24":2,"25":2,"30":1,"37":2,"40":2,"43":1,"47":1,"50":1,"52":1,"55":2,"61":2,"62":2,"64":2,"70":1,"76":1,"82":2,"83":2,"85":2,"92":1,"95":1,"102":1,"109":1,"110":1,"113":1,"120":1,"121":1,"122":1,"123":1,"124":1,"127":1,"134":2,"135":2,"138":1,"145":2,"146":2,"149":1,"156":2,"157":2,"160":1,"167":1,"168":1,"172":1,"173":1}},"/home/travis/build/npmtest/node-npmtest-newrelic/lib.npmtest_newrelic.js":{"path":"/home/travis/build/npmtest/node-npmtest-newrelic/lib.npmtest_newrelic.js","s":{"1":2,"2":2,"3":2,"4":2,"5":2,"6":2,"7":2,"8":1,"9":2,"10":2,"11":2,"12":2,"13":1,"14":1,"15":1,"16":1},"b":{"1":[2,1,1,1],"2":[1,1,1,1],"3":[1,1],"4":[2,2],"5":[1,1]},"f":{"1":2,"2":2,"3":2},"fnMap":{"1":{"name":"(anonymous_1)","line":12,"loc":{"start":{"line":12,"column":1},"end":{"line":12,"column":13}}},"2":{"name":"(anonymous_2)","line":19,"loc":{"start":{"line":19,"column":5},"end":{"line":19,"column":17}}},"3":{"name":"(anonymous_3)","line":23,"loc":{"start":{"line":23,"column":24},"end":{"line":23,"column":36}}}},"statementMap":{"1":{"start":{"line":12,"column":0},"end":{"line":53,"column":5}},"2":{"start":{"line":14,"column":4},"end":{"line":14,"column":14}},"3":{"start":{"line":19,"column":4},"end":{"line":52,"column":9}},"4":{"start":{"line":21,"column":8},"end":{"line":21,"column":19}},"5":{"start":{"line":23,"column":8},"end":{"line":35,"column":13}},"6":{"start":{"line":24,"column":12},"end":{"line":34,"column":13}},"7":{"start":{"line":25,"column":16},"end":{"line":28,"column":30}},"8":{"start":{"line":30,"column":16},"end":{"line":33,"column":27}},"9":{"start":{"line":37,"column":8},"end":{"line":39,"column":21}},"10":{"start":{"line":41,"column":8},"end":{"line":41,"column":54}},"11":{"start":{"line":43,"column":8},"end":{"line":43,"column":53}},"12":{"start":{"line":45,"column":8},"end":{"line":51,"column":9}},"13":{"start":{"line":46,"column":12},"end":{"line":46,"column":59}},"14":{"start":{"line":48,"column":12},"end":{"line":48,"column":35}},"15":{"start":{"line":49,"column":12},"end":{"line":49,"column":49}},"16":{"start":{"line":50,"column":12},"end":{"line":50,"column":43}}},"branchMap":{"1":{"line":25,"type":"binary-expr","locations":[{"start":{"line":25,"column":23},"end":{"line":25,"column":62}},{"start":{"line":26,"column":20},"end":{"line":26,"column":70}},{"start":{"line":27,"column":20},"end":{"line":27,"column":71}},{"start":{"line":28,"column":20},"end":{"line":28,"column":29}}]},"2":{"line":30,"type":"binary-expr","locations":[{"start":{"line":30,"column":23},"end":{"line":30,"column":37}},{"start":{"line":31,"column":20},"end":{"line":31,"column":61}},{"start":{"line":32,"column":20},"end":{"line":32,"column":70}},{"start":{"line":33,"column":20},"end":{"line":33,"column":26}}]},"3":{"line":37,"type":"cond-expr","locations":[{"start":{"line":38,"column":14},"end":{"line":38,"column":20}},{"start":{"line":39,"column":14},"end":{"line":39,"column":20}}]},"4":{"line":41,"type":"binary-expr","locations":[{"start":{"line":41,"column":16},"end":{"line":41,"column":44}},{"start":{"line":41,"column":48},"end":{"line":41,"column":53}}]},"5":{"line":45,"type":"if","locations":[{"start":{"line":45,"column":8},"end":{"line":45,"column":8}},{"start":{"line":45,"column":8},"end":{"line":45,"column":8}}]}},"code":["/* istanbul instrument in package npmtest_newrelic */","/*jslint","    bitwise: true,","    browser: true,","    maxerr: 8,","    maxlen: 96,","    node: true,","    nomen: true,","    regexp: true,","    stupid: true","*/","(function () {","    'use strict';","    var local;","","","","    // run shared js-env code - pre-init","    (function () {","        // init local","        local = {};","        // init modeJs","        local.modeJs = (function () {","            try {","                return typeof navigator.userAgent === 'string' &&","                    typeof document.querySelector('body') === 'object' &&","                    typeof XMLHttpRequest.prototype.open === 'function' &&","                    'browser';","            } catch (errorCaughtBrowser) {","                return module.exports &&","                    typeof process.versions.node === 'string' &&","                    typeof require('http').createServer === 'function' &&","                    'node';","            }","        }());","        // init global","        local.global = local.modeJs === 'browser'","            ? window","            : global;","        // init utility2_rollup","        local = local.global.utility2_rollup || local;","        // init lib","        local.local = local.npmtest_newrelic = local;","        // init exports","        if (local.modeJs === 'browser') {","            local.global.utility2_npmtest_newrelic = local;","        } else {","            module.exports = local;","            module.exports.__dirname = __dirname;","            module.exports.module = module;","        }","    }());","}());",""],"l":{"12":2,"14":2,"19":2,"21":2,"23":2,"24":2,"25":2,"30":1,"37":2,"41":2,"43":2,"45":2,"46":1,"48":1,"49":1,"50":1}},"/home/travis/build/npmtest/node-npmtest-newrelic/example.js":{"path":"/home/travis/build/npmtest/node-npmtest-newrelic/example.js","s":{"1":2,"2":2,"3":2,"4":2,"5":2,"6":2,"7":2,"8":1,"9":2,"10":2,"11":2,"12":2,"13":1,"14":2,"15":2,"16":2,"17":2,"18":2,"19":0,"20":2,"21":1,"22":1,"23":1,"24":1,"25":1,"26":0,"27":0,"28":1,"29":1,"30":2,"31":0,"32":0,"33":0,"34":1,"35":2,"36":2,"37":2,"38":2,"39":2,"40":2,"41":0,"42":2,"43":2,"44":2,"45":1,"46":3,"47":1,"48":1,"49":1,"50":1,"51":1,"52":1,"53":1,"54":1,"55":1,"56":1,"57":0,"58":1,"59":6,"60":6,"61":1,"62":2,"63":0,"64":2,"65":1,"66":1,"67":0,"68":0,"69":0,"70":0,"71":0,"72":0,"73":0,"74":0,"75":0,"76":0,"77":0,"78":0,"79":0,"80":0,"81":0,"82":0,"83":0},"b":{"1":[2,1,1,1],"2":[1,1,1,1],"3":[1,1],"4":[2,2],"5":[1,1],"6":[1,1],"7":[2,0],"8":[2,1,1,1,1,1],"9":[0,2,0],"10":[1,1],"11":[2,1,1],"12":[1,0],"13":[0,2],"14":[2,0,0,0,0,0,0],"15":[0,2],"16":[2,0],"17":[1,1],"18":[0,1],"19":[1,2,0,2],"20":[1,0],"21":[1,1],"22":[0,0],"23":[0,0],"24":[0,0],"25":[0,0],"26":[0,0],"27":[0,0],"28":[0,0]},"f":{"1":2,"2":2,"3":2,"4":2,"5":2,"6":2,"7":2,"8":2,"9":3,"10":1,"11":6,"12":0},"fnMap":{"1":{"name":"(anonymous_1)","line":26,"loc":{"start":{"line":26,"column":1},"end":{"line":26,"column":13}}},"2":{"name":"(anonymous_2)","line":33,"loc":{"start":{"line":33,"column":5},"end":{"line":33,"column":17}}},"3":{"name":"(anonymous_3)","line":37,"loc":{"start":{"line":37,"column":24},"end":{"line":37,"column":36}}},"4":{"name":"(anonymous_4)","line":69,"loc":{"start":{"line":69,"column":31},"end":{"line":69,"column":48}},"skip":true},"5":{"name":"(anonymous_5)","line":78,"loc":{"start":{"line":78,"column":26},"end":{"line":78,"column":45}},"skip":true},"6":{"name":"(anonymous_6)","line":123,"loc":{"start":{"line":123,"column":33},"end":{"line":123,"column":48}},"skip":true},"7":{"name":"(anonymous_7)","line":125,"loc":{"start":{"line":125,"column":27},"end":{"line":125,"column":39}},"skip":true},"8":{"name":"(anonymous_8)","line":133,"loc":{"start":{"line":133,"column":59},"end":{"line":133,"column":74}},"skip":true},"9":{"name":"(anonymous_9)","line":143,"loc":{"start":{"line":143,"column":45},"end":{"line":143,"column":62}},"skip":true},"10":{"name":"(anonymous_10)","line":144,"loc":{"start":{"line":144,"column":73},"end":{"line":144,"column":92}},"skip":true},"11":{"name":"(anonymous_11)","line":272,"loc":{"start":{"line":272,"column":51},"end":{"line":272,"column":77}},"skip":true},"12":{"name":"(anonymous_12)","line":314,"loc":{"start":{"line":314,"column":32},"end":{"line":314,"column":61}},"skip":true}},"statementMap":{"1":{"start":{"line":26,"column":0},"end":{"line":325,"column":5}},"2":{"start":{"line":28,"column":4},"end":{"line":28,"column":14}},"3":{"start":{"line":33,"column":4},"end":{"line":60,"column":9}},"4":{"start":{"line":35,"column":8},"end":{"line":35,"column":19}},"5":{"start":{"line":37,"column":8},"end":{"line":49,"column":13}},"6":{"start":{"line":38,"column":12},"end":{"line":48,"column":13}},"7":{"start":{"line":39,"column":16},"end":{"line":42,"column":30}},"8":{"start":{"line":44,"column":16},"end":{"line":47,"column":27}},"9":{"start":{"line":51,"column":8},"end":{"line":53,"column":21}},"10":{"start":{"line":55,"column":8},"end":{"line":57,"column":45}},"11":{"start":{"line":59,"column":8},"end":{"line":59,"column":35}},"12":{"start":{"line":61,"column":4},"end":{"line":324,"column":5}},"13":{"start":{"line":69,"column":8},"end":{"line":121,"column":10},"skip":true},"14":{"start":{"line":70,"column":12},"end":{"line":88,"column":13},"skip":true},"15":{"start":{"line":76,"column":16},"end":{"line":87,"column":19},"skip":true},"16":{"start":{"line":79,"column":20},"end":{"line":86,"column":21},"skip":true},"17":{"start":{"line":82,"column":24},"end":{"line":82,"column":43},"skip":true},"18":{"start":{"line":83,"column":24},"end":{"line":83,"column":30},"skip":true},"19":{"start":{"line":85,"column":24},"end":{"line":85,"column":49},"skip":true},"20":{"start":{"line":89,"column":12},"end":{"line":107,"column":13},"skip":true},"21":{"start":{"line":92,"column":16},"end":{"line":102,"column":17},"skip":true},"22":{"start":{"line":93,"column":20},"end":{"line":93,"column":86},"skip":true},"23":{"start":{"line":94,"column":20},"end":{"line":95,"column":45},"skip":true},"24":{"start":{"line":96,"column":20},"end":{"line":96,"column":42},"skip":true},"25":{"start":{"line":97,"column":20},"end":{"line":97,"column":48},"skip":true},"26":{"start":{"line":100,"column":20},"end":{"line":100,"column":85},"skip":true},"27":{"start":{"line":101,"column":20},"end":{"line":101,"column":96},"skip":true},"28":{"start":{"line":103,"column":16},"end":{"line":103,"column":22},"skip":true},"29":{"start":{"line":106,"column":16},"end":{"line":106,"column":22},"skip":true},"30":{"start":{"line":108,"column":12},"end":{"line":120,"column":13},"skip":true},"31":{"start":{"line":114,"column":16},"end":{"line":119,"column":17},"skip":true},"32":{"start":{"line":116,"column":20},"end":{"line":116,"column":78},"skip":true},"33":{"start":{"line":118,"column":20},"end":{"line":118,"column":53},"skip":true},"34":{"start":{"line":123,"column":8},"end":{"line":141,"column":11},"skip":true},"35":{"start":{"line":124,"column":12},"end":{"line":124,"column":54},"skip":true},"36":{"start":{"line":125,"column":12},"end":{"line":140,"column":14},"skip":true},"37":{"start":{"line":126,"column":16},"end":{"line":126,"column":28},"skip":true},"38":{"start":{"line":127,"column":16},"end":{"line":127,"column":69},"skip":true},"39":{"start":{"line":128,"column":16},"end":{"line":128,"column":75},"skip":true},"40":{"start":{"line":129,"column":16},"end":{"line":131,"column":17},"skip":true},"41":{"start":{"line":130,"column":20},"end":{"line":130,"column":27},"skip":true},"42":{"start":{"line":133,"column":16},"end":{"line":137,"column":36},"skip":true},"43":{"start":{"line":134,"column":20},"end":{"line":136,"column":55},"skip":true},"44":{"start":{"line":139,"column":16},"end":{"line":139,"column":57},"skip":true},"45":{"start":{"line":143,"column":8},"end":{"line":147,"column":11},"skip":true},"46":{"start":{"line":144,"column":12},"end":{"line":146,"column":15},"skip":true},"47":{"start":{"line":145,"column":16},"end":{"line":145,"column":70},"skip":true},"48":{"start":{"line":149,"column":8},"end":{"line":149,"column":31},"skip":true},"49":{"start":{"line":150,"column":8},"end":{"line":150,"column":14},"skip":true},"50":{"start":{"line":158,"column":8},"end":{"line":158,"column":31},"skip":true},"51":{"start":{"line":160,"column":8},"end":{"line":160,"column":33},"skip":true},"52":{"start":{"line":161,"column":8},"end":{"line":161,"column":37},"skip":true},"53":{"start":{"line":162,"column":8},"end":{"line":162,"column":35},"skip":true},"54":{"start":{"line":164,"column":8},"end":{"line":164,"column":50},"skip":true},"55":{"start":{"line":166,"column":8},"end":{"line":256,"column":2},"skip":true},"56":{"start":{"line":258,"column":8},"end":{"line":286,"column":9},"skip":true},"57":{"start":{"line":259,"column":12},"end":{"line":269,"column":14},"skip":true},"58":{"start":{"line":271,"column":12},"end":{"line":285,"column":19},"skip":true},"59":{"start":{"line":274,"column":20},"end":{"line":274,"column":35},"skip":true},"60":{"start":{"line":275,"column":20},"end":{"line":284,"column":21},"skip":true},"61":{"start":{"line":277,"column":24},"end":{"line":277,"column":64},"skip":true},"62":{"start":{"line":279,"column":24},"end":{"line":279,"column":40},"skip":true},"63":{"start":{"line":281,"column":24},"end":{"line":281,"column":40},"skip":true},"64":{"start":{"line":283,"column":24},"end":{"line":283,"column":39},"skip":true},"65":{"start":{"line":288,"column":8},"end":{"line":290,"column":9},"skip":true},"66":{"start":{"line":289,"column":12},"end":{"line":289,"column":18},"skip":true},"67":{"start":{"line":291,"column":8},"end":{"line":293,"column":54},"skip":true},"68":{"start":{"line":294,"column":8},"end":{"line":301,"column":37},"skip":true},"69":{"start":{"line":302,"column":8},"end":{"line":302,"column":82},"skip":true},"70":{"start":{"line":305,"column":8},"end":{"line":307,"column":9},"skip":true},"71":{"start":{"line":306,"column":12},"end":{"line":306,"column":82},"skip":true},"72":{"start":{"line":309,"column":8},"end":{"line":311,"column":9},"skip":true},"73":{"start":{"line":310,"column":12},"end":{"line":310,"column":18},"skip":true},"74":{"start":{"line":312,"column":8},"end":{"line":312,"column":54},"skip":true},"75":{"start":{"line":313,"column":8},"end":{"line":313,"column":69},"skip":true},"76":{"start":{"line":314,"column":8},"end":{"line":322,"column":36},"skip":true},"77":{"start":{"line":315,"column":12},"end":{"line":315,"column":61},"skip":true},"78":{"start":{"line":316,"column":12},"end":{"line":319,"column":13},"skip":true},"79":{"start":{"line":317,"column":16},"end":{"line":317,"column":75},"skip":true},"80":{"start":{"line":318,"column":16},"end":{"line":318,"column":23},"skip":true},"81":{"start":{"line":320,"column":12},"end":{"line":320,"column":38},"skip":true},"82":{"start":{"line":321,"column":12},"end":{"line":321,"column":27},"skip":true},"83":{"start":{"line":323,"column":8},"end":{"line":323,"column":14},"skip":true}},"branchMap":{"1":{"line":39,"type":"binary-expr","locations":[{"start":{"line":39,"column":23},"end":{"line":39,"column":62}},{"start":{"line":40,"column":20},"end":{"line":40,"column":70}},{"start":{"line":41,"column":20},"end":{"line":41,"column":71}},{"start":{"line":42,"column":20},"end":{"line":42,"column":29}}]},"2":{"line":44,"type":"binary-expr","locations":[{"start":{"line":44,"column":23},"end":{"line":44,"column":37}},{"start":{"line":45,"column":20},"end":{"line":45,"column":61}},{"start":{"line":46,"column":20},"end":{"line":46,"column":70}},{"start":{"line":47,"column":20},"end":{"line":47,"column":26}}]},"3":{"line":51,"type":"cond-expr","locations":[{"start":{"line":52,"column":14},"end":{"line":52,"column":20}},{"start":{"line":53,"column":14},"end":{"line":53,"column":20}}]},"4":{"line":55,"type":"binary-expr","locations":[{"start":{"line":55,"column":16},"end":{"line":55,"column":44}},{"start":{"line":55,"column":49},"end":{"line":57,"column":43}}]},"5":{"line":55,"type":"cond-expr","locations":[{"start":{"line":56,"column":14},"end":{"line":56,"column":52}},{"start":{"line":57,"column":14},"end":{"line":57,"column":43}}]},"6":{"line":61,"type":"switch","locations":[{"start":{"line":68,"column":4},"end":{"line":150,"column":14},"skip":true},{"start":{"line":156,"column":4},"end":{"line":323,"column":14},"skip":true}]},"7":{"line":70,"type":"if","locations":[{"start":{"line":70,"column":12},"end":{"line":70,"column":12},"skip":true},{"start":{"line":70,"column":12},"end":{"line":70,"column":12},"skip":true}]},"8":{"line":70,"type":"binary-expr","locations":[{"start":{"line":70,"column":16},"end":{"line":70,"column":22},"skip":true},{"start":{"line":70,"column":27},"end":{"line":70,"column":32},"skip":true},{"start":{"line":71,"column":20},"end":{"line":71,"column":39},"skip":true},{"start":{"line":72,"column":20},"end":{"line":72,"column":49},"skip":true},{"start":{"line":73,"column":20},"end":{"line":73,"column":58},"skip":true},{"start":{"line":74,"column":20},"end":{"line":74,"column":69},"skip":true}]},"9":{"line":79,"type":"switch","locations":[{"start":{"line":80,"column":20},"end":{"line":80,"column":33},"skip":true},{"start":{"line":81,"column":20},"end":{"line":83,"column":30},"skip":true},{"start":{"line":84,"column":20},"end":{"line":85,"column":49},"skip":true}]},"10":{"line":89,"type":"switch","locations":[{"start":{"line":90,"column":12},"end":{"line":103,"column":22},"skip":true},{"start":{"line":105,"column":12},"end":{"line":106,"column":22},"skip":true}]},"11":{"line":89,"type":"binary-expr","locations":[{"start":{"line":89,"column":20},"end":{"line":89,"column":25},"skip":true},{"start":{"line":89,"column":29},"end":{"line":89,"column":48},"skip":true},{"start":{"line":89,"column":52},"end":{"line":89,"column":74},"skip":true}]},"12":{"line":92,"type":"if","locations":[{"start":{"line":92,"column":16},"end":{"line":92,"column":16},"skip":true},{"start":{"line":92,"column":16},"end":{"line":92,"column":16},"skip":true}]},"13":{"line":108,"type":"if","locations":[{"start":{"line":108,"column":12},"end":{"line":108,"column":12},"skip":true},{"start":{"line":108,"column":12},"end":{"line":108,"column":12},"skip":true}]},"14":{"line":108,"type":"binary-expr","locations":[{"start":{"line":108,"column":16},"end":{"line":108,"column":61},"skip":true},{"start":{"line":108,"column":66},"end":{"line":108,"column":72},"skip":true},{"start":{"line":108,"column":77},"end":{"line":108,"column":82},"skip":true},{"start":{"line":109,"column":20},"end":{"line":109,"column":39},"skip":true},{"start":{"line":110,"column":20},"end":{"line":110,"column":49},"skip":true},{"start":{"line":111,"column":20},"end":{"line":111,"column":58},"skip":true},{"start":{"line":112,"column":20},"end":{"line":112,"column":68},"skip":true}]},"15":{"line":129,"type":"if","locations":[{"start":{"line":129,"column":16},"end":{"line":129,"column":16},"skip":true},{"start":{"line":129,"column":16},"end":{"line":129,"column":16},"skip":true}]},"16":{"line":134,"type":"cond-expr","locations":[{"start":{"line":135,"column":26},"end":{"line":135,"column":29},"skip":true},{"start":{"line":136,"column":26},"end":{"line":136,"column":54},"skip":true}]},"17":{"line":164,"type":"binary-expr","locations":[{"start":{"line":164,"column":27},"end":{"line":164,"column":43},"skip":true},{"start":{"line":164,"column":47},"end":{"line":164,"column":49},"skip":true}]},"18":{"line":258,"type":"if","locations":[{"start":{"line":258,"column":8},"end":{"line":258,"column":8},"skip":true},{"start":{"line":258,"column":8},"end":{"line":258,"column":8},"skip":true}]},"19":{"line":275,"type":"switch","locations":[{"start":{"line":276,"column":20},"end":{"line":277,"column":64},"skip":true},{"start":{"line":278,"column":20},"end":{"line":279,"column":40},"skip":true},{"start":{"line":280,"column":20},"end":{"line":281,"column":40},"skip":true},{"start":{"line":282,"column":20},"end":{"line":283,"column":39},"skip":true}]},"20":{"line":288,"type":"if","locations":[{"start":{"line":288,"column":8},"end":{"line":288,"column":8},"skip":true},{"start":{"line":288,"column":8},"end":{"line":288,"column":8},"skip":true}]},"21":{"line":288,"type":"binary-expr","locations":[{"start":{"line":288,"column":12},"end":{"line":288,"column":40},"skip":true},{"start":{"line":288,"column":44},"end":{"line":288,"column":67},"skip":true}]},"22":{"line":292,"type":"binary-expr","locations":[{"start":{"line":292,"column":12},"end":{"line":292,"column":50},"skip":true},{"start":{"line":293,"column":12},"end":{"line":293,"column":53},"skip":true}]},"23":{"line":295,"type":"binary-expr","locations":[{"start":{"line":295,"column":12},"end":{"line":295,"column":66},"skip":true},{"start":{"line":296,"column":12},"end":{"line":301,"column":36},"skip":true}]},"24":{"line":302,"type":"binary-expr","locations":[{"start":{"line":302,"column":43},"end":{"line":302,"column":75},"skip":true},{"start":{"line":302,"column":79},"end":{"line":302,"column":81},"skip":true}]},"25":{"line":305,"type":"if","locations":[{"start":{"line":305,"column":8},"end":{"line":305,"column":8},"skip":true},{"start":{"line":305,"column":8},"end":{"line":305,"column":8},"skip":true}]},"26":{"line":309,"type":"if","locations":[{"start":{"line":309,"column":8},"end":{"line":309,"column":8},"skip":true},{"start":{"line":309,"column":8},"end":{"line":309,"column":8},"skip":true}]},"27":{"line":312,"type":"binary-expr","locations":[{"start":{"line":312,"column":27},"end":{"line":312,"column":43},"skip":true},{"start":{"line":312,"column":47},"end":{"line":312,"column":53},"skip":true}]},"28":{"line":316,"type":"if","locations":[{"start":{"line":316,"column":12},"end":{"line":316,"column":12},"skip":true},{"start":{"line":316,"column":12},"end":{"line":316,"column":12},"skip":true}]}},"code":["/*","example.js","","quickstart example","","instruction","    1. save this script as example.js","    2. run the shell command:","        $ npm install npmtest-newrelic && PORT=8081 node example.js","    3. play with the browser-demo on http://127.0.0.1:8081","*/","","","","/* istanbul instrument in package npmtest_newrelic */","/*jslint","    bitwise: true,","    browser: true,","    maxerr: 8,","    maxlen: 96,","    node: true,","    nomen: true,","    regexp: true,","    stupid: true","*/","(function () {","    'use strict';","    var local;","","","","    // run shared js-env code - pre-init","    (function () {","        // init local","        local = {};","        // init modeJs","        local.modeJs = (function () {","            try {","                return typeof navigator.userAgent === 'string' &&","                    typeof document.querySelector('body') === 'object' &&","                    typeof XMLHttpRequest.prototype.open === 'function' &&","                    'browser';","            } catch (errorCaughtBrowser) {","                return module.exports &&","                    typeof process.versions.node === 'string' &&","                    typeof require('http').createServer === 'function' &&","                    'node';","            }","        }());","        // init global","        local.global = local.modeJs === 'browser'","            ? window","            : global;","        // init utility2_rollup","        local = local.global.utility2_rollup || (local.modeJs === 'browser'","            ? local.global.utility2_npmtest_newrelic","            : global.utility2_moduleExports);","        // export local","        local.global.local = local;","    }());","    switch (local.modeJs) {","","","","    // post-init","    // run browser js-env code - post-init","    /* istanbul ignore next */","    case 'browser':","        local.testRunBrowser = function (event) {","            if (!event || (event &&","                    event.currentTarget &&","                    event.currentTarget.className &&","                    event.currentTarget.className.includes &&","                    event.currentTarget.className.includes('onreset'))) {","                // reset output","                Array.from(","                    document.querySelectorAll('body > .resettable')","                ).forEach(function (element) {","                    switch (element.tagName) {","                    case 'INPUT':","                    case 'TEXTAREA':","                        element.value = '';","                        break;","                    default:","                        element.textContent = '';","                    }","                });","            }","            switch (event && event.currentTarget && event.currentTarget.id) {","            case 'testRunButton1':","                // show tests","                if (document.querySelector('#testReportDiv1').style.display === 'none') {","                    document.querySelector('#testReportDiv1').style.display = 'block';","                    document.querySelector('#testRunButton1').textContent =","                        'hide internal test';","                    local.modeTest = true;","                    local.testRunDefault(local);","                // hide tests","                } else {","                    document.querySelector('#testReportDiv1').style.display = 'none';","                    document.querySelector('#testRunButton1').textContent = 'run internal test';","                }","                break;","            // custom-case","            default:","                break;","            }","            if (document.querySelector('#inputTextareaEval1') && (!event || (event &&","                    event.currentTarget &&","                    event.currentTarget.className &&","                    event.currentTarget.className.includes &&","                    event.currentTarget.className.includes('oneval')))) {","                // try to eval input-code","                try {","                    /*jslint evil: true*/","                    eval(document.querySelector('#inputTextareaEval1').value);","                } catch (errorCaught) {","                    console.error(errorCaught.stack);","                }","            }","        };","        // log stderr and stdout to #outputTextareaStdout1","        ['error', 'log'].forEach(function (key) {","            console[key + '_original'] = console[key];","            console[key] = function () {","                var element;","                console[key + '_original'].apply(console, arguments);","                element = document.querySelector('#outputTextareaStdout1');","                if (!element) {","                    return;","                }","                // append text to #outputTextareaStdout1","                element.value += Array.from(arguments).map(function (arg) {","                    return typeof arg === 'string'","                        ? arg","                        : JSON.stringify(arg, null, 4);","                }).join(' ') + '\\n';","                // scroll textarea to bottom","                element.scrollTop = element.scrollHeight;","            };","        });","        // init event-handling","        ['change', 'click', 'keyup'].forEach(function (event) {","            Array.from(document.querySelectorAll('.on' + event)).forEach(function (element) {","                element.addEventListener(event, local.testRunBrowser);","            });","        });","        // run tests","        local.testRunBrowser();","        break;","","","","    // run node js-env code - post-init","    /* istanbul ignore next */","    case 'node':","        // export local","        module.exports = local;","        // require modules","        local.fs = require('fs');","        local.http = require('http');","        local.url = require('url');","        // init assets","        local.assetsDict = local.assetsDict || {};","        /* jslint-ignore-begin */","        local.assetsDict['/assets.index.template.html'] = '\\","<!doctype html>\\n\\","<html lang=\"en\">\\n\\","<head>\\n\\","<meta charset=\"UTF-8\">\\n\\","<meta name=\"viewport\" content=\"width=device-width, initial-scale=1\">\\n\\","<title>{{env.npm_package_name}} (v{{env.npm_package_version}})</title>\\n\\","<style>\\n\\","/*csslint\\n\\","    box-sizing: false,\\n\\","    universal-selector: false\\n\\","*/\\n\\","* {\\n\\","    box-sizing: border-box;\\n\\","}\\n\\","body {\\n\\","    background: #dde;\\n\\","    font-family: Arial, Helvetica, sans-serif;\\n\\","    margin: 2rem;\\n\\","}\\n\\","body > * {\\n\\","    margin-bottom: 1rem;\\n\\","}\\n\\",".utility2FooterDiv {\\n\\","    margin-top: 20px;\\n\\","    text-align: center;\\n\\","}\\n\\","</style>\\n\\","<style>\\n\\","/*csslint\\n\\","*/\\n\\","textarea {\\n\\","    font-family: monospace;\\n\\","    height: 10rem;\\n\\","    width: 100%;\\n\\","}\\n\\","textarea[readonly] {\\n\\","    background: #ddd;\\n\\","}\\n\\","</style>\\n\\","</head>\\n\\","<body>\\n\\","<!-- utility2-comment\\n\\","<div id=\"ajaxProgressDiv1\" style=\"background: #d00; height: 2px; left: 0; margin: 0; padding: 0; position: fixed; top: 0; transition: background 0.5s, width 1.5s; width: 25%;\"></div>\\n\\","utility2-comment -->\\n\\","<h1>\\n\\","<!-- utility2-comment\\n\\","    <a\\n\\","        {{#if env.npm_package_homepage}}\\n\\","        href=\"{{env.npm_package_homepage}}\"\\n\\","        {{/if env.npm_package_homepage}}\\n\\","        target=\"_blank\"\\n\\","    >\\n\\","utility2-comment -->\\n\\","        {{env.npm_package_name}} (v{{env.npm_package_version}})\\n\\","<!-- utility2-comment\\n\\","    </a>\\n\\","utility2-comment -->\\n\\","</h1>\\n\\","<h3>{{env.npm_package_description}}</h3>\\n\\","<!-- utility2-comment\\n\\","<h4><a download href=\"assets.app.js\">download standalone app</a></h4>\\n\\","<button class=\"onclick onreset\" id=\"testRunButton1\">run internal test</button><br>\\n\\","<div id=\"testReportDiv1\" style=\"display: none;\"></div>\\n\\","utility2-comment -->\\n\\","\\n\\","\\n\\","\\n\\","<label>stderr and stdout</label>\\n\\","<textarea class=\"resettable\" id=\"outputTextareaStdout1\" readonly></textarea>\\n\\","<!-- utility2-comment\\n\\","{{#if isRollup}}\\n\\","<script src=\"assets.app.js\"></script>\\n\\","{{#unless isRollup}}\\n\\","utility2-comment -->\\n\\","<script src=\"assets.utility2.rollup.js\"></script>\\n\\","<script src=\"jsonp.utility2._stateInit?callback=window.utility2._stateInit\"></script>\\n\\","<script src=\"assets.npmtest_newrelic.rollup.js\"></script>\\n\\","<script src=\"assets.example.js\"></script>\\n\\","<script src=\"assets.test.js\"></script>\\n\\","<!-- utility2-comment\\n\\","{{/if isRollup}}\\n\\","utility2-comment -->\\n\\","<div class=\"utility2FooterDiv\">\\n\\","    [ this app was created with\\n\\","    <a href=\"https://github.com/kaizhu256/node-utility2\" target=\"_blank\">utility2</a>\\n\\","    ]\\n\\","</div>\\n\\","</body>\\n\\","</html>\\n\\","';","        /* jslint-ignore-end */","        if (local.templateRender) {","            local.assetsDict['/'] = local.templateRender(","                local.assetsDict['/assets.index.template.html'],","                {","                    env: local.objectSetDefault(local.env, {","                        npm_package_description: 'the greatest app in the world!',","                        npm_package_name: 'my-app',","                        npm_package_nameAlias: 'my_app',","                        npm_package_version: '0.0.1'","                    })","                }","            );","        } else {","            local.assetsDict['/'] = local.assetsDict['/assets.index.template.html']","                .replace((/\\{\\{env\\.(\\w+?)\\}\\}/g), function (match0, match1) {","                    // jslint-hack","                    String(match0);","                    switch (match1) {","                    case 'npm_package_description':","                        return 'the greatest app in the world!';","                    case 'npm_package_name':","                        return 'my-app';","                    case 'npm_package_nameAlias':","                        return 'my_app';","                    case 'npm_package_version':","                        return '0.0.1';","                    }","                });","        }","        // run the cli","        if (local.global.utility2_rollup || module !== require.main) {","            break;","        }","        local.assetsDict['/assets.example.js'] =","            local.assetsDict['/assets.example.js'] ||","            local.fs.readFileSync(__filename, 'utf8');","        local.assetsDict['/assets.npmtest_newrelic.rollup.js'] =","            local.assetsDict['/assets.npmtest_newrelic.rollup.js'] ||","            local.fs.readFileSync(","                // buildCustomOrg-hack","                local.npmtest_newrelic.__dirname +","                    '/lib.npmtest_newrelic.js',","                'utf8'","            ).replace((/^#!/), '//');","        local.assetsDict['/favicon.ico'] = local.assetsDict['/favicon.ico'] || '';","        // if $npm_config_timeout_exit exists,","        // then exit this process after $npm_config_timeout_exit ms","        if (Number(process.env.npm_config_timeout_exit)) {","            setTimeout(process.exit, Number(process.env.npm_config_timeout_exit));","        }","        // start server","        if (local.global.utility2_serverHttp1) {","            break;","        }","        process.env.PORT = process.env.PORT || '8081';","        console.error('server starting on port ' + process.env.PORT);","        local.http.createServer(function (request, response) {","            request.urlParsed = local.url.parse(request.url);","            if (local.assetsDict[request.urlParsed.pathname] !== undefined) {","                response.end(local.assetsDict[request.urlParsed.pathname]);","                return;","            }","            response.statusCode = 404;","            response.end();","        }).listen(process.env.PORT);","        break;","    }","}());",""],"l":{"26":2,"28":2,"33":2,"35":2,"37":2,"38":2,"39":2,"44":1,"51":2,"55":2,"59":2,"61":2,"69":1,"70":2,"76":2,"79":2,"82":2,"83":2,"85":1,"89":2,"92":1,"93":1,"94":1,"96":1,"97":1,"100":1,"101":1,"103":1,"106":1,"108":2,"114":1,"116":1,"118":1,"123":1,"124":2,"125":2,"126":2,"127":2,"128":2,"129":2,"130":1,"133":2,"134":2,"139":2,"143":1,"144":3,"145":1,"149":1,"150":1,"158":1,"160":1,"161":1,"162":1,"164":1,"166":1,"258":1,"259":1,"271":1,"274":6,"275":6,"277":1,"279":2,"281":1,"283":2,"288":1,"289":1,"291":1,"294":1,"302":1,"305":1,"306":1,"309":1,"310":1,"312":1,"313":1,"314":1,"315":1,"316":1,"317":1,"318":1,"320":1,"321":1,"323":1}},"/home/travis/build/npmtest/node-npmtest-newrelic/newrelic/index.js":{"path":"/home/travis/build/npmtest/node-npmtest-newrelic/newrelic/index.js","s":{"1":1,"2":1,"3":1,"4":1,"5":1,"6":1,"7":1,"8":0,"9":0,"10":1,"11":1,"12":1,"13":1,"14":1,"15":1,"16":0,"17":0,"18":0,"19":1,"20":1,"21":1,"22":1,"23":1,"24":1,"25":1,"26":0,"27":0,"28":0,"29":0,"30":0,"31":0,"32":0,"33":0,"34":0,"35":0,"36":0,"37":0,"38":0,"39":0,"40":0,"41":0,"42":0,"43":0,"44":0,"45":0,"46":0,"47":0,"48":0,"49":1,"50":1,"51":0,"52":1,"53":1},"b":{"1":[0,1],"2":[0,1],"3":[1,0],"4":[1,0],"5":[0,0],"6":[0,0],"7":[0,0],"8":[0,1]},"f":{"1":1,"2":0},"fnMap":{"1":{"name":"initialize","line":25,"loc":{"start":{"line":25,"column":0},"end":{"line":25,"column":22}}},"2":{"name":"cb_start","line":87,"loc":{"start":{"line":87,"column":18},"end":{"line":87,"column":43}}}},"statementMap":{"1":{"start":{"line":3,"column":0},"end":{"line":3,"column":39}},"2":{"start":{"line":4,"column":0},"end":{"line":4,"column":30}},"3":{"start":{"line":6,"column":0},"end":{"line":6,"column":11}},"4":{"start":{"line":7,"column":0},"end":{"line":7,"column":9}},"5":{"start":{"line":9,"column":0},"end":{"line":9,"column":52}},"6":{"start":{"line":10,"column":0},"end":{"line":13,"column":1}},"7":{"start":{"line":15,"column":0},"end":{"line":23,"column":1}},"8":{"start":{"line":16,"column":2},"end":{"line":19,"column":3}},"9":{"start":{"line":20,"column":2},"end":{"line":20,"column":43}},"10":{"start":{"line":22,"column":2},"end":{"line":22,"column":14}},"11":{"start":{"line":25,"column":0},"end":{"line":115,"column":1}},"12":{"start":{"line":26,"column":2},"end":{"line":29,"column":3}},"13":{"start":{"line":31,"column":2},"end":{"line":105,"column":3}},"14":{"start":{"line":32,"column":4},"end":{"line":33,"column":34}},"15":{"start":{"line":37,"column":4},"end":{"line":43,"column":5}},"16":{"start":{"line":38,"column":6},"end":{"line":39,"column":51}},"17":{"start":{"line":41,"column":6},"end":{"line":41,"column":27}},"18":{"start":{"line":42,"column":6},"end":{"line":42,"column":30}},"19":{"start":{"line":45,"column":4},"end":{"line":45,"column":82}},"20":{"start":{"line":46,"column":4},"end":{"line":46,"column":55}},"21":{"start":{"line":47,"column":4},"end":{"line":47,"column":74}},"22":{"start":{"line":49,"column":4},"end":{"line":49,"column":65}},"23":{"start":{"line":53,"column":4},"end":{"line":53,"column":39}},"24":{"start":{"line":55,"column":4},"end":{"line":98,"column":5}},"25":{"start":{"line":56,"column":6},"end":{"line":56,"column":71}},"26":{"start":{"line":65,"column":6},"end":{"line":65,"column":43}},"27":{"start":{"line":66,"column":6},"end":{"line":66,"column":31}},"28":{"start":{"line":67,"column":6},"end":{"line":67,"column":48}},"29":{"start":{"line":69,"column":6},"end":{"line":73,"column":7}},"30":{"start":{"line":70,"column":8},"end":{"line":72,"column":9}},"31":{"start":{"line":75,"column":6},"end":{"line":81,"column":7}},"32":{"start":{"line":76,"column":8},"end":{"line":78,"column":53}},"33":{"start":{"line":79,"column":8},"end":{"line":79,"column":29}},"34":{"start":{"line":80,"column":8},"end":{"line":80,"column":32}},"35":{"start":{"line":83,"column":6},"end":{"line":83,"column":47}},"36":{"start":{"line":84,"column":6},"end":{"line":84,"column":32}},"37":{"start":{"line":85,"column":6},"end":{"line":85,"column":45}},"38":{"start":{"line":87,"column":6},"end":{"line":97,"column":8}},"39":{"start":{"line":88,"column":8},"end":{"line":90,"column":9}},"40":{"start":{"line":89,"column":10},"end":{"line":89,"column":81}},"41":{"start":{"line":92,"column":8},"end":{"line":92,"column":82}},"42":{"start":{"line":93,"column":8},"end":{"line":93,"column":41}},"43":{"start":{"line":95,"column":8},"end":{"line":95,"column":35}},"44":{"start":{"line":96,"column":8},"end":{"line":96,"column":34}},"45":{"start":{"line":100,"column":4},"end":{"line":100,"column":85}},"46":{"start":{"line":101,"column":4},"end":{"line":101,"column":32}},"47":{"start":{"line":103,"column":4},"end":{"line":103,"column":26}},"48":{"start":{"line":104,"column":4},"end":{"line":104,"column":30}},"49":{"start":{"line":107,"column":2},"end":{"line":107,"column":9}},"50":{"start":{"line":108,"column":2},"end":{"line":112,"column":3}},"51":{"start":{"line":109,"column":4},"end":{"line":109,"column":29}},"52":{"start":{"line":111,"column":4},"end":{"line":111,"column":34}},"53":{"start":{"line":114,"column":2},"end":{"line":114,"column":60}}},"branchMap":{"1":{"line":15,"type":"if","locations":[{"start":{"line":15,"column":0},"end":{"line":15,"column":0}},{"start":{"line":15,"column":0},"end":{"line":15,"column":0}}]},"2":{"line":37,"type":"if","locations":[{"start":{"line":37,"column":4},"end":{"line":37,"column":4}},{"start":{"line":37,"column":4},"end":{"line":37,"column":4}}]},"3":{"line":55,"type":"if","locations":[{"start":{"line":55,"column":4},"end":{"line":55,"column":4}},{"start":{"line":55,"column":4},"end":{"line":55,"column":4}}]},"4":{"line":55,"type":"binary-expr","locations":[{"start":{"line":55,"column":8},"end":{"line":55,"column":15}},{"start":{"line":55,"column":19},"end":{"line":55,"column":40}}]},"5":{"line":69,"type":"if","locations":[{"start":{"line":69,"column":6},"end":{"line":69,"column":6}},{"start":{"line":69,"column":6},"end":{"line":69,"column":6}}]},"6":{"line":75,"type":"if","locations":[{"start":{"line":75,"column":6},"end":{"line":75,"column":6}},{"start":{"line":75,"column":6},"end":{"line":75,"column":6}}]},"7":{"line":88,"type":"if","locations":[{"start":{"line":88,"column":8},"end":{"line":88,"column":8}},{"start":{"line":88,"column":8},"end":{"line":88,"column":8}}]},"8":{"line":108,"type":"if","locations":[{"start":{"line":108,"column":2},"end":{"line":108,"column":2}},{"start":{"line":108,"column":2},"end":{"line":108,"column":2}}]}},"code":["'use strict'","","var logger = require('./lib/logger.js')","var semver = require('semver')","","var message","var agent","","var agentVersion = require('./package.json').version","logger.info(","  \"Using New Relic for Node.js. Agent version: %s; Node version: %s.\",","  agentVersion, process.version",")","","if (require.cache.__NR_cache) {","  logger.warn(","    'Attempting to load a second copy of newrelic from %s, using cache instead',","    __dirname","  )","  module.exports = require.cache.__NR_cache","} else {","  initialize()","}","","function initialize() {","  logger.debug(","    'Loading agent from %s',","    __dirname","  )","","  try {","    logger.debug(\"Process was running %s seconds before agent was loaded.\",","                 process.uptime())","    // Technically we run on 0.6, until we verify there are 0 users on 0.6, we","    // should leave this code doing a check against 0.6, but then advise that","    // people upgrade to one of our officially supported version (0.8 and higher)","    if (semver.satisfies(process.version, '<0.6.0')) {","      message = \"New Relic for Node.js requires a version of Node equal to or\\n\" +","                \"greater than 0.8.0. Not starting!\"","","      logger.error(message)","      throw new Error(message)","    }","","    logger.debug(\"Current working directory at module load is %s.\", process.cwd())","    logger.debug(\"Process title is %s.\", process.title)","    logger.debug(\"Application was invoked as %s.\", process.argv.join(' '))","","    var config = require('./lib/config.js').getOrCreateInstance()","","    // Get the initialized logger as we likely have a bootstrap logger which","    // just pipes to stdout.","    logger = require('./lib/logger.js')","","    if (!config || !config.agent_enabled) {","      logger.info(\"Module not enabled in configuration; not starting.\")","    } else {","      /* Only load the rest of the module if configuration is available and the","       * configurator didn't throw.","       *","       * The agent must be a singleton, or else module loading will be patched","       * multiple times, with undefined results. New Relic's instrumentation","       * can't be enabled or disabled without an application restart.","       */","      var Agent = require('./lib/agent.js')","      agent = new Agent(config)","      var appNames = agent.config.applications()","","      if (config.logging.diagnostics) {","        logger.warn(","          'Diagnostics logging is enabled, this may cause significant overhead.'","        )","      }","","      if (appNames.length < 1) {","        message = \"New Relic requires that you name this application!\\n\" +","                  \"Set app_name in your newrelic.js file or set environment variable\\n\" +","                  \"NEW_RELIC_APP_NAME. Not starting!\"","        logger.error(message)","        throw new Error(message)","      }","","      var shimmer = require('./lib/shimmer.js')","      shimmer.patchModule(agent)","      shimmer.bootstrapInstrumentation(agent)","","      agent.start(function cb_start(error) {","        if (!error) {","          return logger.debug(\"New Relic for Node.js is connected to New Relic.\")","        }","","        var errorMessage = \"New Relic for Node.js halted startup due to an error:\"","        logger.error(error, errorMessage)","","        console.error(errorMessage)","        console.error(error.stack)","      })","    }","  } catch (error) {","    message = \"New Relic for Node.js was unable to bootstrap itself due to an error:\"","    logger.error(error, message)","","    console.error(message)","    console.error(error.stack)","  }","","  var API","  if (agent) {","    API = require('./api.js')","  } else {","    API = require('./stub_api.js')","  }","","  require.cache.__NR_cache = module.exports = new API(agent)","}",""],"l":{"3":1,"4":1,"6":1,"7":1,"9":1,"10":1,"15":1,"16":0,"20":0,"22":1,"25":1,"26":1,"31":1,"32":1,"37":1,"38":0,"41":0,"42":0,"45":1,"46":1,"47":1,"49":1,"53":1,"55":1,"56":1,"65":0,"66":0,"67":0,"69":0,"70":0,"75":0,"76":0,"79":0,"80":0,"83":0,"84":0,"85":0,"87":0,"88":0,"89":0,"92":0,"93":0,"95":0,"96":0,"100":0,"101":0,"103":0,"104":0,"107":1,"108":1,"109":0,"111":1,"114":1}},"/home/travis/build/npmtest/node-npmtest-newrelic/newrelic/lib/logger.js":{"path":"/home/travis/build/npmtest/node-npmtest-newrelic/newrelic/lib/logger.js","s":{"1":1,"2":1,"3":1,"4":1,"5":1,"6":0,"7":0,"8":0,"9":0,"10":0,"11":0,"12":0,"13":0,"14":0,"15":0,"16":0,"17":0,"18":0,"19":0,"20":0},"b":{"1":[0,1],"2":[0,0],"3":[0,0,0]},"f":{"1":0},"fnMap":{"1":{"name":"logStreamOnError","line":42,"loc":{"start":{"line":42,"column":27},"end":{"line":42,"column":58}}}},"statementMap":{"1":{"start":{"line":3,"column":0},"end":{"line":3,"column":37}},"2":{"start":{"line":4,"column":0},"end":{"line":4,"column":22}},"3":{"start":{"line":7,"column":0},"end":{"line":11,"column":2}},"4":{"start":{"line":18,"column":0},"end":{"line":18,"column":57}},"5":{"start":{"line":19,"column":0},"end":{"line":55,"column":1}},"6":{"start":{"line":20,"column":2},"end":{"line":24,"column":3}},"7":{"start":{"line":27,"column":2},"end":{"line":27,"column":38}},"8":{"start":{"line":29,"column":2},"end":{"line":51,"column":3}},"9":{"start":{"line":30,"column":4},"end":{"line":30,"column":14}},"10":{"start":{"line":31,"column":4},"end":{"line":49,"column":5}},"11":{"start":{"line":33,"column":8},"end":{"line":33,"column":31}},"12":{"start":{"line":34,"column":8},"end":{"line":34,"column":13}},"13":{"start":{"line":37,"column":8},"end":{"line":37,"column":31}},"14":{"start":{"line":38,"column":8},"end":{"line":38,"column":13}},"15":{"start":{"line":41,"column":8},"end":{"line":41,"column":77}},"16":{"start":{"line":42,"column":8},"end":{"line":48,"column":10}},"17":{"start":{"line":45,"column":10},"end":{"line":45,"column":87}},"18":{"start":{"line":46,"column":10},"end":{"line":46,"column":28}},"19":{"start":{"line":50,"column":4},"end":{"line":50,"column":31}},"20":{"start":{"line":54,"column":2},"end":{"line":54,"column":34}}},"branchMap":{"1":{"line":19,"type":"if","locations":[{"start":{"line":19,"column":0},"end":{"line":19,"column":0}},{"start":{"line":19,"column":0},"end":{"line":19,"column":0}}]},"2":{"line":29,"type":"if","locations":[{"start":{"line":29,"column":2},"end":{"line":29,"column":2}},{"start":{"line":29,"column":2},"end":{"line":29,"column":2}}]},"3":{"line":31,"type":"switch","locations":[{"start":{"line":32,"column":6},"end":{"line":34,"column":13}},{"start":{"line":36,"column":6},"end":{"line":38,"column":13}},{"start":{"line":40,"column":6},"end":{"line":48,"column":10}}]}},"code":["'use strict'","","var Logger = require('./util/logger')","var fs = require('fs')","","// create bootstrapping logger","module.exports = new Logger({","  name: 'newrelic_bootstrap',","  stream: process.stdout,","  level: 'info'","})","","/**"," * Don't load config.js until this point, because it requires this"," * module, and if it gets loaded too early, module.exports will have no"," * value."," */","var config = require('./config.js').getOrCreateInstance()","if (config) {","  var options = {","    name: 'newrelic',","    level: config.logging.level,","    enabled: config.logging.enabled","  }","","  // create the \"real\" logger","  module.exports = new Logger(options)","","  if (config.logging.enabled) {","    var stream","    switch (config.logging.filepath) {","      case 'stdout':","        stream = process.stdout","        break","","      case 'stderr':","        stream = process.stderr","        break","","      default:","        stream = fs.createWriteStream(config.logging.filepath, {flags: 'a+'})","        stream.on('error', function logStreamOnError(err) {","          /* eslint-disable no-console */","          // Since our normal logging didn't work, dump this to stderr.","          console.error('New Relic failed to open log file ' + config.logging.filepath)","          console.error(err)","          /* eslint-enable no-console */","        })","    }","    module.exports.pipe(stream)","  }","","  // now tell the config module to switch to the real logger","  config.setLogger(module.exports)","}",""],"l":{"3":1,"4":1,"7":1,"18":1,"19":1,"20":0,"27":0,"29":0,"30":0,"31":0,"33":0,"34":0,"37":0,"38":0,"41":0,"42":0,"45":0,"46":0,"50":0,"54":0}},"/home/travis/build/npmtest/node-npmtest-newrelic/newrelic/lib/util/logger.js":{"path":"/home/travis/build/npmtest/node-npmtest-newrelic/newrelic/lib/util/logger.js","s":{"1":1,"2":1,"3":1,"4":1,"5":1,"6":1,"7":1,"8":1,"9":1,"10":0,"11":1,"12":1,"13":1,"14":1,"15":1,"16":1,"17":1,"18":1,"19":1,"20":1,"21":1,"22":1,"23":1,"24":7,"25":7,"26":0,"27":7,"28":5,"29":2,"30":2,"31":2,"32":6,"33":7,"34":6,"35":6,"36":0,"37":0,"38":0,"39":0,"40":0,"41":0,"42":0,"43":0,"44":0,"45":0,"46":0,"47":0,"48":0,"49":6,"50":6,"51":0,"52":0,"53":0,"54":0,"55":0,"56":0,"57":0,"58":0,"59":0,"60":0,"61":0,"62":0,"63":0,"64":0,"65":0,"66":0,"67":0,"68":1,"69":1,"70":8,"71":7,"72":0,"73":7,"74":0,"75":7,"76":1,"77":1,"78":1,"79":1,"80":1,"81":1,"82":1,"83":1,"84":0,"85":0,"86":0,"87":0,"88":1,"89":1,"90":1,"91":1,"92":0,"93":1,"94":0,"95":0,"96":1,"97":3,"98":0,"99":0,"100":3,"101":1,"102":2,"103":4,"104":0,"105":4,"106":0,"107":2,"108":2,"109":2,"110":2,"111":2,"112":0,"113":2,"114":1,"115":2,"116":2,"117":2,"118":2,"119":2,"120":2,"121":2,"122":1,"123":2,"124":2,"125":0,"126":0,"127":0,"128":0,"129":2},"b":{"1":[0,1],"2":[1,0],"3":[1,1],"4":[1,1],"5":[1,0],"6":[0,7],"7":[5,2],"8":[0,2],"9":[0,2],"10":[0,0],"11":[0,0],"12":[0,0],"13":[0,0],"14":[0,0],"15":[0,0],"16":[0,0],"17":[0,0],"18":[0,0],"19":[0,0],"20":[0,0],"21":[7,1],"22":[8,7],"23":[0,7],"24":[0,7],"25":[1,0],"26":[0,0],"27":[0,3],"28":[0,4],"29":[0,4],"30":[2,0],"31":[0,2],"32":[0,0]},"f":{"1":1,"2":6,"3":7,"4":7,"5":0,"6":0,"7":0,"8":8,"9":1,"10":0,"11":0,"12":0,"13":3,"14":2,"15":2,"16":2},"fnMap":{"1":{"name":"Logger","line":21,"loc":{"start":{"line":21,"column":0},"end":{"line":21,"column":32}}},"2":{"name":"buildLevel","line":44,"loc":{"start":{"line":44,"column":28},"end":{"line":44,"column":56}}},"3":{"name":"log","line":45,"loc":{"start":{"line":45,"column":2},"end":{"line":45,"column":22}}},"4":{"name":"checkLevel","line":55,"loc":{"start":{"line":55,"column":29},"end":{"line":55,"column":51}}},"5":{"name":"logOnce","line":60,"loc":{"start":{"line":60,"column":38},"end":{"line":60,"column":60}}},"6":{"name":"logOncePer","line":81,"loc":{"start":{"line":81,"column":41},"end":{"line":81,"column":76}}},"7":{"name":"clearKey","line":98,"loc":{"start":{"line":98,"column":35},"end":{"line":98,"column":55}}},"8":{"name":"coerce","line":112,"loc":{"start":{"line":112,"column":26},"end":{"line":112,"column":49}}},"9":{"name":"child","line":123,"loc":{"start":{"line":123,"column":25},"end":{"line":123,"column":47}}},"10":{"name":"write","line":132,"loc":{"start":{"line":132,"column":22},"end":{"line":132,"column":57}}},"11":{"name":"level","line":146,"loc":{"start":{"line":146,"column":25},"end":{"line":146,"column":45}}},"12":{"name":"setEnabled","line":150,"loc":{"start":{"line":150,"column":30},"end":{"line":150,"column":59}}},"13":{"name":"_read","line":156,"loc":{"start":{"line":156,"column":25},"end":{"line":156,"column":42}}},"14":{"name":"write","line":171,"loc":{"start":{"line":171,"column":25},"end":{"line":171,"column":60}}},"15":{"name":"Entry","line":193,"loc":{"start":{"line":193,"column":0},"end":{"line":193,"column":35}}},"16":{"name":"getPropertiesToLog","line":203,"loc":{"start":{"line":203,"column":0},"end":{"line":203,"column":35}}}},"statementMap":{"1":{"start":{"line":3,"column":0},"end":{"line":3,"column":56}},"2":{"start":{"line":4,"column":0},"end":{"line":4,"column":26}},"3":{"start":{"line":5,"column":0},"end":{"line":5,"column":41}},"4":{"start":{"line":6,"column":0},"end":{"line":6,"column":22}},"5":{"start":{"line":8,"column":0},"end":{"line":8,"column":23}},"6":{"start":{"line":10,"column":0},"end":{"line":17,"column":1}},"7":{"start":{"line":19,"column":0},"end":{"line":19,"column":31}},"8":{"start":{"line":21,"column":0},"end":{"line":40,"column":1}},"9":{"start":{"line":22,"column":2},"end":{"line":24,"column":3}},"10":{"start":{"line":23,"column":4},"end":{"line":23,"column":37}},"11":{"start":{"line":26,"column":2},"end":{"line":26,"column":21}},"12":{"start":{"line":27,"column":2},"end":{"line":27,"column":48}},"13":{"start":{"line":28,"column":2},"end":{"line":31,"column":3}},"14":{"start":{"line":32,"column":2},"end":{"line":32,"column":26}},"15":{"start":{"line":33,"column":2},"end":{"line":33,"column":51}},"16":{"start":{"line":34,"column":2},"end":{"line":34,"column":26}},"17":{"start":{"line":35,"column":2},"end":{"line":35,"column":18}},"18":{"start":{"line":36,"column":2},"end":{"line":36,"column":22}},"19":{"start":{"line":37,"column":2},"end":{"line":39,"column":3}},"20":{"start":{"line":38,"column":4},"end":{"line":38,"column":29}},"21":{"start":{"line":42,"column":0},"end":{"line":42,"column":25}},"22":{"start":{"line":44,"column":0},"end":{"line":108,"column":2}},"23":{"start":{"line":45,"column":2},"end":{"line":53,"column":3}},"24":{"start":{"line":46,"column":4},"end":{"line":46,"column":55}},"25":{"start":{"line":47,"column":4},"end":{"line":47,"column":43}},"26":{"start":{"line":47,"column":31},"end":{"line":47,"column":43}},"27":{"start":{"line":48,"column":4},"end":{"line":48,"column":49}},"28":{"start":{"line":48,"column":37},"end":{"line":48,"column":49}},"29":{"start":{"line":50,"column":4},"end":{"line":50,"column":45}},"30":{"start":{"line":51,"column":4},"end":{"line":51,"column":71}},"31":{"start":{"line":52,"column":4},"end":{"line":52,"column":60}},"32":{"start":{"line":55,"column":2},"end":{"line":57,"column":3}},"33":{"start":{"line":56,"column":4},"end":{"line":56,"column":30}},"34":{"start":{"line":59,"column":2},"end":{"line":59,"column":23}},"35":{"start":{"line":60,"column":2},"end":{"line":78,"column":3}},"36":{"start":{"line":61,"column":4},"end":{"line":64,"column":5}},"37":{"start":{"line":62,"column":6},"end":{"line":62,"column":82}},"38":{"start":{"line":63,"column":6},"end":{"line":63,"column":12}},"39":{"start":{"line":66,"column":4},"end":{"line":66,"column":55}},"40":{"start":{"line":67,"column":4},"end":{"line":67,"column":43}},"41":{"start":{"line":67,"column":31},"end":{"line":67,"column":43}},"42":{"start":{"line":68,"column":4},"end":{"line":68,"column":49}},"43":{"start":{"line":68,"column":37},"end":{"line":68,"column":49}},"44":{"start":{"line":70,"column":4},"end":{"line":77,"column":5}},"45":{"start":{"line":71,"column":6},"end":{"line":71,"column":57}},"46":{"start":{"line":72,"column":6},"end":{"line":72,"column":49}},"47":{"start":{"line":74,"column":6},"end":{"line":76,"column":7}},"48":{"start":{"line":75,"column":8},"end":{"line":75,"column":32}},"49":{"start":{"line":80,"column":2},"end":{"line":80,"column":26}},"50":{"start":{"line":81,"column":2},"end":{"line":107,"column":3}},"51":{"start":{"line":82,"column":4},"end":{"line":85,"column":5}},"52":{"start":{"line":83,"column":6},"end":{"line":83,"column":82}},"53":{"start":{"line":84,"column":6},"end":{"line":84,"column":12}},"54":{"start":{"line":87,"column":4},"end":{"line":87,"column":55}},"55":{"start":{"line":88,"column":4},"end":{"line":88,"column":43}},"56":{"start":{"line":88,"column":31},"end":{"line":88,"column":43}},"57":{"start":{"line":89,"column":4},"end":{"line":89,"column":49}},"58":{"start":{"line":89,"column":37},"end":{"line":89,"column":49}},"59":{"start":{"line":91,"column":4},"end":{"line":106,"column":5}},"60":{"start":{"line":92,"column":6},"end":{"line":92,"column":57}},"61":{"start":{"line":93,"column":6},"end":{"line":93,"column":49}},"62":{"start":{"line":95,"column":6},"end":{"line":105,"column":7}},"63":{"start":{"line":96,"column":8},"end":{"line":96,"column":35}},"64":{"start":{"line":98,"column":8},"end":{"line":100,"column":20}},"65":{"start":{"line":99,"column":10},"end":{"line":99,"column":37}},"66":{"start":{"line":102,"column":8},"end":{"line":104,"column":9}},"67":{"start":{"line":103,"column":10},"end":{"line":103,"column":27}},"68":{"start":{"line":110,"column":0},"end":{"line":110,"column":48}},"69":{"start":{"line":112,"column":0},"end":{"line":121,"column":1}},"70":{"start":{"line":113,"column":2},"end":{"line":119,"column":3}},"71":{"start":{"line":115,"column":4},"end":{"line":115,"column":30}},"72":{"start":{"line":115,"column":20},"end":{"line":115,"column":30}},"73":{"start":{"line":116,"column":4},"end":{"line":116,"column":30}},"74":{"start":{"line":116,"column":20},"end":{"line":116,"column":30}},"75":{"start":{"line":118,"column":4},"end":{"line":118,"column":16}},"76":{"start":{"line":120,"column":2},"end":{"line":120,"column":28}},"77":{"start":{"line":123,"column":0},"end":{"line":144,"column":1}},"78":{"start":{"line":124,"column":2},"end":{"line":124,"column":51}},"79":{"start":{"line":126,"column":2},"end":{"line":126,"column":50}},"80":{"start":{"line":127,"column":2},"end":{"line":127,"column":40}},"81":{"start":{"line":129,"column":2},"end":{"line":129,"column":19}},"82":{"start":{"line":130,"column":2},"end":{"line":130,"column":38}},"83":{"start":{"line":132,"column":2},"end":{"line":138,"column":3}},"84":{"start":{"line":133,"column":4},"end":{"line":133,"column":37}},"85":{"start":{"line":134,"column":4},"end":{"line":134,"column":48}},"86":{"start":{"line":136,"column":4},"end":{"line":136,"column":42}},"87":{"start":{"line":137,"column":4},"end":{"line":137,"column":43}},"88":{"start":{"line":140,"column":2},"end":{"line":140,"column":54}},"89":{"start":{"line":141,"column":2},"end":{"line":141,"column":44}},"90":{"start":{"line":143,"column":2},"end":{"line":143,"column":20}},"91":{"start":{"line":146,"column":0},"end":{"line":148,"column":1}},"92":{"start":{"line":147,"column":2},"end":{"line":147,"column":40}},"93":{"start":{"line":150,"column":0},"end":{"line":154,"column":1}},"94":{"start":{"line":151,"column":2},"end":{"line":153,"column":3}},"95":{"start":{"line":152,"column":4},"end":{"line":152,"column":34}},"96":{"start":{"line":156,"column":0},"end":{"line":163,"column":1}},"97":{"start":{"line":157,"column":2},"end":{"line":162,"column":3}},"98":{"start":{"line":158,"column":4},"end":{"line":158,"column":41}},"99":{"start":{"line":159,"column":4},"end":{"line":159,"column":20}},"100":{"start":{"line":161,"column":4},"end":{"line":161,"column":23}},"101":{"start":{"line":171,"column":0},"end":{"line":191,"column":1}},"102":{"start":{"line":172,"column":2},"end":{"line":178,"column":3}},"103":{"start":{"line":173,"column":4},"end":{"line":177,"column":5}},"104":{"start":{"line":174,"column":6},"end":{"line":174,"column":33}},"105":{"start":{"line":175,"column":11},"end":{"line":177,"column":5}},"106":{"start":{"line":176,"column":6},"end":{"line":176,"column":38}},"107":{"start":{"line":180,"column":2},"end":{"line":180,"column":67}},"108":{"start":{"line":182,"column":2},"end":{"line":182,"column":33}},"109":{"start":{"line":183,"column":2},"end":{"line":183,"column":48}},"110":{"start":{"line":185,"column":2},"end":{"line":189,"column":3}},"111":{"start":{"line":186,"column":4},"end":{"line":186,"column":57}},"112":{"start":{"line":188,"column":4},"end":{"line":188,"column":46}},"113":{"start":{"line":190,"column":2},"end":{"line":190,"column":13}},"114":{"start":{"line":193,"column":0},"end":{"line":201,"column":1}},"115":{"start":{"line":194,"column":2},"end":{"line":194,"column":12}},"116":{"start":{"line":195,"column":2},"end":{"line":195,"column":20}},"117":{"start":{"line":196,"column":2},"end":{"line":196,"column":25}},"118":{"start":{"line":197,"column":2},"end":{"line":197,"column":33}},"119":{"start":{"line":198,"column":2},"end":{"line":198,"column":24}},"120":{"start":{"line":199,"column":2},"end":{"line":199,"column":38}},"121":{"start":{"line":200,"column":2},"end":{"line":200,"column":16}},"122":{"start":{"line":203,"column":0},"end":{"line":215,"column":1}},"123":{"start":{"line":204,"column":2},"end":{"line":204,"column":35}},"124":{"start":{"line":206,"column":2},"end":{"line":213,"column":3}},"125":{"start":{"line":207,"column":4},"end":{"line":207,"column":49}},"126":{"start":{"line":208,"column":4},"end":{"line":212,"column":5}},"127":{"start":{"line":209,"column":6},"end":{"line":211,"column":7}},"128":{"start":{"line":210,"column":8},"end":{"line":210,"column":39}},"129":{"start":{"line":214,"column":2},"end":{"line":214,"column":12}}},"branchMap":{"1":{"line":22,"type":"if","locations":[{"start":{"line":22,"column":2},"end":{"line":22,"column":2}},{"start":{"line":22,"column":2},"end":{"line":22,"column":2}}]},"2":{"line":30,"type":"cond-expr","locations":[{"start":{"line":30,"column":45},"end":{"line":30,"column":49}},{"start":{"line":30,"column":52},"end":{"line":30,"column":67}}]},"3":{"line":33,"type":"binary-expr","locations":[{"start":{"line":33,"column":18},"end":{"line":33,"column":34}},{"start":{"line":33,"column":38},"end":{"line":33,"column":51}}]},"4":{"line":34,"type":"binary-expr","locations":[{"start":{"line":34,"column":15},"end":{"line":34,"column":20}},{"start":{"line":34,"column":24},"end":{"line":34,"column":26}}]},"5":{"line":37,"type":"if","locations":[{"start":{"line":37,"column":2},"end":{"line":37,"column":2}},{"start":{"line":37,"column":2},"end":{"line":37,"column":2}}]},"6":{"line":47,"type":"if","locations":[{"start":{"line":47,"column":4},"end":{"line":47,"column":4}},{"start":{"line":47,"column":4},"end":{"line":47,"column":4}}]},"7":{"line":48,"type":"if","locations":[{"start":{"line":48,"column":4},"end":{"line":48,"column":4}},{"start":{"line":48,"column":4},"end":{"line":48,"column":4}}]},"8":{"line":51,"type":"cond-expr","locations":[{"start":{"line":51,"column":65},"end":{"line":51,"column":66}},{"start":{"line":51,"column":69},"end":{"line":51,"column":70}}]},"9":{"line":52,"type":"cond-expr","locations":[{"start":{"line":52,"column":47},"end":{"line":52,"column":52}},{"start":{"line":52,"column":55},"end":{"line":52,"column":59}}]},"10":{"line":61,"type":"if","locations":[{"start":{"line":61,"column":4},"end":{"line":61,"column":4}},{"start":{"line":61,"column":4},"end":{"line":61,"column":4}}]},"11":{"line":67,"type":"if","locations":[{"start":{"line":67,"column":4},"end":{"line":67,"column":4}},{"start":{"line":67,"column":4},"end":{"line":67,"column":4}}]},"12":{"line":68,"type":"if","locations":[{"start":{"line":68,"column":4},"end":{"line":68,"column":4}},{"start":{"line":68,"column":4},"end":{"line":68,"column":4}}]},"13":{"line":70,"type":"if","locations":[{"start":{"line":70,"column":4},"end":{"line":70,"column":4}},{"start":{"line":70,"column":4},"end":{"line":70,"column":4}}]},"14":{"line":74,"type":"if","locations":[{"start":{"line":74,"column":6},"end":{"line":74,"column":6}},{"start":{"line":74,"column":6},"end":{"line":74,"column":6}}]},"15":{"line":82,"type":"if","locations":[{"start":{"line":82,"column":4},"end":{"line":82,"column":4}},{"start":{"line":82,"column":4},"end":{"line":82,"column":4}}]},"16":{"line":88,"type":"if","locations":[{"start":{"line":88,"column":4},"end":{"line":88,"column":4}},{"start":{"line":88,"column":4},"end":{"line":88,"column":4}}]},"17":{"line":89,"type":"if","locations":[{"start":{"line":89,"column":4},"end":{"line":89,"column":4}},{"start":{"line":89,"column":4},"end":{"line":89,"column":4}}]},"18":{"line":91,"type":"if","locations":[{"start":{"line":91,"column":4},"end":{"line":91,"column":4}},{"start":{"line":91,"column":4},"end":{"line":91,"column":4}}]},"19":{"line":95,"type":"if","locations":[{"start":{"line":95,"column":6},"end":{"line":95,"column":6}},{"start":{"line":95,"column":6},"end":{"line":95,"column":6}}]},"20":{"line":102,"type":"if","locations":[{"start":{"line":102,"column":8},"end":{"line":102,"column":8}},{"start":{"line":102,"column":8},"end":{"line":102,"column":8}}]},"21":{"line":113,"type":"if","locations":[{"start":{"line":113,"column":2},"end":{"line":113,"column":2}},{"start":{"line":113,"column":2},"end":{"line":113,"column":2}}]},"22":{"line":113,"type":"binary-expr","locations":[{"start":{"line":113,"column":6},"end":{"line":113,"column":33}},{"start":{"line":113,"column":37},"end":{"line":113,"column":52}}]},"23":{"line":115,"type":"if","locations":[{"start":{"line":115,"column":4},"end":{"line":115,"column":4}},{"start":{"line":115,"column":4},"end":{"line":115,"column":4}}]},"24":{"line":116,"type":"if","locations":[{"start":{"line":116,"column":4},"end":{"line":116,"column":4}},{"start":{"line":116,"column":4},"end":{"line":116,"column":4}}]},"25":{"line":120,"type":"binary-expr","locations":[{"start":{"line":120,"column":9},"end":{"line":120,"column":22}},{"start":{"line":120,"column":26},"end":{"line":120,"column":28}}]},"26":{"line":151,"type":"if","locations":[{"start":{"line":151,"column":2},"end":{"line":151,"column":2}},{"start":{"line":151,"column":2},"end":{"line":151,"column":2}}]},"27":{"line":157,"type":"if","locations":[{"start":{"line":157,"column":2},"end":{"line":157,"column":2}},{"start":{"line":157,"column":2},"end":{"line":157,"column":2}}]},"28":{"line":173,"type":"if","locations":[{"start":{"line":173,"column":4},"end":{"line":173,"column":4}},{"start":{"line":173,"column":4},"end":{"line":173,"column":4}}]},"29":{"line":175,"type":"if","locations":[{"start":{"line":175,"column":11},"end":{"line":175,"column":11}},{"start":{"line":175,"column":11},"end":{"line":175,"column":11}}]},"30":{"line":185,"type":"if","locations":[{"start":{"line":185,"column":2},"end":{"line":185,"column":2}},{"start":{"line":185,"column":2},"end":{"line":185,"column":2}}]},"31":{"line":206,"type":"if","locations":[{"start":{"line":206,"column":2},"end":{"line":206,"column":2}},{"start":{"line":206,"column":2},"end":{"line":206,"column":2}}]},"32":{"line":208,"type":"if","locations":[{"start":{"line":208,"column":4},"end":{"line":208,"column":4}},{"start":{"line":208,"column":4},"end":{"line":208,"column":4}}]}},"code":["'use strict'","","var stringifySync = require('./safe-json').stringifySync","var util = require('util')","var Readable = require('readable-stream')","var os = require('os')","","module.exports = Logger",
[...]
bSegment.end()","    } else if (tx.bgSegment) {","      tx.bgSegment.end()","    }","    logger.debug('ending transaction with id: %s and name: %s', tx.id, tx.name)","    tx.end()","  } else {","    logger.debug('endTransaction() called while not in a transaction.')","  }","}","","API.prototype.recordMetric = function recordMetric(name, value) {","  var supportMetric = this.agent.metrics.getOrCreateMetric(","    NAMES.SUPPORTABILITY.API + '/recordMetric'","  )","  supportMetric.incrementCallCount()","","  // FLAG: custom_metrics","  if (!this.agent.config.feature_flag.custom_metrics) {","    return","  }","","  if (typeof name !== 'string') {","    logger.warn('Metric name must be a string')","    return","  }","","  var metric = this.agent.metrics.getOrCreateMetric(name)","","  if (typeof value === 'number') {","    metric.recordValue(value)","    return","  }","","  if (typeof value !== 'object') {","    logger.warn('Metric value must be either a number, or a metric object')","    return","  }","","  var stats = {}","  var required = ['count', 'total', 'min', 'max', 'sumOfSquares']","  var keyMap = {count: 'callCount'}","","  for (var i = 0, l = required.length; i < l; ++i) {","    if (typeof value[required[i]] !== 'number') {","      logger.warn('Metric object must include ' + required[i] + ' as a number')","      return","    }","","    var key = keyMap[required[i]] || required[i]","    stats[key] = value[required[i]]","  }","","  if (typeof value.totalExclusive === 'number') {","    stats.totalExclusive = value.totalExclusive","  } else {","    stats.totalExclusive = value.total","  }","","  metric.merge(stats)","}","","API.prototype.incrementMetric = function incrementMetric(name, value) {","  var metric = this.agent.metrics.getOrCreateMetric(","    NAMES.SUPPORTABILITY.API + '/incrementMetric'","  )","  metric.incrementCallCount()","","  // FLAG: custom_metrics","  if (!this.agent.config.feature_flag.custom_metrics) {","    return","  }","","  if (!value && value !== 0) {","    value = 1","  }","","  if (typeof value !== 'number' || value % 1 !== 0) {","    logger.warn('Metric Increment value must be an integer')","    return","  }","","  this.recordMetric(name, {","    count: value,","    total: 0,","    min: 0,","    max: 0,","    sumOfSquares: 0","  })","}","","API.prototype.recordCustomEvent = function recordCustomEvent(eventType, attributes) {","  var metric = this.agent.metrics.getOrCreateMetric(","    NAMES.SUPPORTABILITY.API + '/recordCustomEvent'","  )","  metric.incrementCallCount()","","  if (!this.agent.config.custom_insights_events.enabled) {","    return","  }","  // Check all the arguments before bailing to give maximum information in a","  // single invocation.","  var fail = false","","  if (!eventType || typeof eventType !== 'string') {","    logger.warn(","      'recordCustomEvent requires a string for its first argument, got %s (%s)',","      stringify(eventType),","      typeof eventType","    )","    fail = true","  } else if (!CUSTOM_EVENT_TYPE_REGEX.test(eventType)) {","    logger.warn(","      'recordCustomEvent eventType of %s is invalid, it must match /%s/',","      eventType,","      CUSTOM_EVENT_TYPE_REGEX.source","    )","    fail = true","  } else if (eventType.length > 255) {","    logger.warn(","      'recordCustomEvent eventType must have a length less than 256, got %s (%s)',","      eventType,","      eventType.length","    )","    fail = true","  }","  // If they don't pass an attributes object, or the attributes argument is not","  // an object, or if it is an object and but is actually an array, log a","  // warning and set the fail bit.","  if (!attributes || typeof attributes !== 'object' || Array.isArray(attributes)) {","    logger.warn(","      'recordCustomEvent requires an object for its second argument, got %s (%s)',","      stringify(attributes),","      typeof attributes","    )","    fail = true","  } else if (_checkKeyLength(attributes, 255)) {","    fail = true","  }","","  if (fail) {","    return","  }","","  var instrinics = {","    type: eventType,","    timestamp: Date.now()","  }","","  this.agent.customEvents.add([instrinics, attributes])","}","","/**"," * Shuts down the agent."," *"," * @param {object}  [options]                           object with shut down options"," * @param {boolean} [options.collectPendingData=false]  If true, the agent will send any"," *                                                      pending data to the collector"," *                                                      before shutting down."," * @param {number}  [options.timeout]                   time in ms to wait before"," *                                                      shutting down"," * @param {function} [callback]                         callback function that runs when"," *                                                      agent stopped"," */","API.prototype.shutdown = function shutdown(options, cb) {","  var metric = this.agent.metrics.getOrCreateMetric(","    NAMES.SUPPORTABILITY.API + '/shutdown'","  )","  metric.incrementCallCount()","","  var callback = cb","  if (!callback) {","    if (typeof options === 'function') {","      callback = options","    } else {","      callback = function noop() {}","    }","  }","","  var agent = this.agent","","  function cb_harvest(error) {","    if (error) {","      logger.error(","        error,","        'An error occurred while running last harvest before shutdown.'","      )","    }","    agent.stop(callback)","  }","","  if (options && options.collectPendingData && agent._state !== 'started') {","    if (typeof options.timeout === 'number') {","      var shutdownTimeout = setTimeout(function shutdownTimeout() {","        agent.stop(callback)","      }, options.timeout)","      // timer.unref only in 0.9+","      if (shutdownTimeout.unref) {","        shutdownTimeout.unref()","      }","    } else if (options.timeout) {","      logger.warn(","        'options.timeout should be of type \"number\". Got %s',","        typeof options.timeout","      )","    }","","    agent.on('started', function shutdownHarvest() {","      agent.harvest(cb_harvest)","    })","    agent.on('errored', function logShutdownError(error) {","      agent.stop(callback)","      if (error) {","        logger.error(","          error,","          'The agent encountered an error after calling shutdown.'","        )","      }","    })","  } else if (options && options.collectPendingData) {","    agent.harvest(cb_harvest)","  } else {","    agent.stop(callback)","  }","}","","function _checkKeyLength(object, maxLength) {","  var keys = Object.keys(object)","  var badKey = false","  var len = keys.length","  var key = '' // init to string because gotta go fast","  for (var i = 0; i < len; i++) {","    key = keys[i]","    if (key.length > maxLength) {","      logger.warn(","        'recordCustomEvent requires keys to be less than 256 chars got %s (%s)',","        key,","        key.length","      )","      badKey = true","    }","  }","  return badKey","}","","module.exports = API",""],"l":{"3":1,"4":1,"5":1,"6":1,"7":1,"8":1,"9":1,"10":1,"18":1,"22":1,"34":1,"38":1,"44":1,"45":0,"60":1,"61":0,"64":0,"66":0,"67":0,"68":0,"71":0,"72":0,"73":0,"76":0,"79":0,"82":0,"104":1,"105":0,"108":0,"110":0,"111":0,"112":0,"115":0,"116":0,"117":0,"120":0,"123":0,"126":0,"127":0,"139":1,"140":0,"143":0,"146":0,"147":0,"151":0,"154":0,"156":0,"157":0,"158":0,"161":0,"162":0,"163":0,"169":0,"170":0,"173":0,"174":0,"177":0,"178":0,"186":0,"203":1,"204":0,"207":0,"209":0,"210":0,"211":0,"214":0,"228":1,"229":0,"232":0,"234":0,"235":0,"236":0,"239":0,"256":1,"257":0,"260":0,"263":0,"264":0,"266":0,"297":1,"298":0,"301":0,"304":0,"306":0,"322":1,"323":0,"326":0,"328":0,"330":0,"346":1,"347":0,"350":0,"352":0,"365":1,"366":0,"367":0,"369":0,"371":0,"374":0,"378":0,"384":0,"387":0,"390":0,"393":0,"395":0,"401":0,"403":0,"409":0,"410":0,"417":0,"422":0,"423":0,"428":0,"429":0,"438":0,"439":0,"442":0,"458":0,"459":0,"463":0,"469":0,"471":0,"480":1,"481":0,"484":0,"487":0,"488":0,"491":0,"492":0,"493":0,"494":0,"497":0,"498":0,"499":0,"502":0,"505":0,"508":0,"509":0,"510":0,"511":0,"517":0,"520":0,"527":0,"528":0,"529":0,"549":1,"550":0,"553":0,"556":0,"557":0,"560":0,"561":0,"562":0,"563":0,"566":0,"567":0,"568":0,"571":0,"574":0,"577":0,"583":0,"585":0,"586":0,"588":0,"594":0,"595":0,"596":0,"597":0,"598":0,"600":0,"624":1,"626":1,"627":0,"630":0,"632":0,"633":0,"634":0,"637":0,"638":0,"641":0,"642":0,"643":0,"644":0,"647":0,"648":0,"651":0,"654":0,"657":0,"660":0,"667":0,"669":0,"670":0,"672":0,"680":0,"681":0,"682":0,"683":0,"685":0,"689":1,"690":0,"693":0,"696":0,"697":0,"700":0,"701":0,"703":0,"704":0,"705":0,"706":0,"707":0,"708":0,"709":0,"711":0,"712":0,"714":0,"718":1,"719":0,"722":0,"725":0,"726":0,"729":0,"730":0,"731":0,"734":0,"736":0,"737":0,"738":0,"741":0,"742":0,"743":0,"746":0,"747":0,"748":0,"750":0,"751":0,"752":0,"753":0,"756":0,"757":0,"760":0,"761":0,"763":0,"766":0,"769":1,"770":0,"773":0,"776":0,"777":0,"780":0,"781":0,"784":0,"785":0,"786":0,"789":0,"798":1,"799":0,"802":0,"804":0,"805":0,"809":0,"811":0,"812":0,"817":0,"818":0,"819":0,"824":0,"825":0,"826":0,"831":0,"836":0,"837":0,"842":0,"843":0,"844":0,"847":0,"848":0,"851":0,"856":0,"871":1,"872":0,"875":0,"877":0,"878":0,"879":0,"880":0,"882":0,"886":0,"888":1,"889":0,"890":0,"895":0,"898":0,"899":0,"900":0,"901":0,"904":0,"905":0,"907":0,"908":0,"914":0,"915":0,"917":0,"918":0,"919":0,"920":0,"926":0,"927":0,"929":0,"933":1,"934":0,"935":0,"936":0,"937":0,"938":0,"939":0,"940":0,"941":0,"946":0,"949":0,"952":1}},"/home/travis/build/npmtest/node-npmtest-newrelic/newrelic/lib/metrics/recorders/http.js":{"path":"/home/travis/build/npmtest/node-npmtest-newrelic/newrelic/lib/metrics/recorders/http.js","s":{"1":1,"2":1,"3":1,"4":0,"5":0,"6":0,"7":0,"8":0,"9":0,"10":0,"11":0,"12":0,"13":0,"14":0,"15":0,"16":0,"17":0,"18":0,"19":0,"20":0,"21":0,"22":0,"23":0,"24":0,"25":0,"26":1},"b":{"1":[0,0],"2":[0,0],"3":[0,0],"4":[0,0],"5":[0,0],"6":[0,0]},"f":{"1":0},"fnMap":{"1":{"name":"recordWeb","line":8,"loc":{"start":{"line":8,"column":0},"end":{"line":8,"column":35}}}},"statementMap":{"1":{"start":{"line":3,"column":0},"end":{"line":3,"column":45}},"2":{"start":{"line":6,"column":0},"end":{"line":6,"column":19}},"3":{"start":{"line":8,"column":0},"end":{"line":43,"column":1}},"4":{"start":{"line":10,"column":2},"end":{"line":10,"column":20}},"5":{"start":{"line":10,"column":14},"end":{"line":10,"column":20}},"6":{"start":{"line":12,"column":2},"end":{"line":12,"column":39}},"7":{"start":{"line":14,"column":2},"end":{"line":14,"column":74}},"8":{"start":{"line":14,"column":68},"end":{"line":14,"column":74}},"9":{"start":{"line":16,"column":2},"end":{"line":16,"column":46}},"10":{"start":{"line":17,"column":2},"end":{"line":17,"column":66}},"11":{"start":{"line":18,"column":2},"end":{"line":18,"column":56}},"12":{"start":{"line":19,"column":2},"end":{"line":19,"column":35}},"13":{"start":{"line":20,"column":2},"end":{"line":20,"column":47}},"14":{"start":{"line":22,"column":2},"end":{"line":22,"column":78}},"15":{"start":{"line":24,"column":2},"end":{"line":24,"column":73}},"16":{"start":{"line":25,"column":2},"end":{"line":25,"column":71}},"17":{"start":{"line":26,"column":2},"end":{"line":26,"column":60}},"18":{"start":{"line":27,"column":2},"end":{"line":27,"column":55}},"19":{"start":{"line":28,"column":2},"end":{"line":28,"column":87}},"20":{"start":{"line":30,"column":2},"end":{"line":32,"column":3}},"21":{"start":{"line":31,"column":4},"end":{"line":31,"column":69}},"22":{"start":{"line":34,"column":2},"end":{"line":40,"column":3}},"23":{"start":{"line":35,"column":4},"end":{"line":39,"column":7}},"24":{"start":{"line":41,"column":2},"end":{"line":41,"column":80}},"25":{"start":{"line":42,"column":2},"end":{"line":42,"column":64}},"26":{"start":{"line":45,"column":0},"end":{"line":45,"column":26}}},"branchMap":{"1":{"line":10,"type":"if","locations":[{"start":{"line":10,"column":2},"end":{"line":10,"column":2}},{"start":{"line":10,"column":2},"end":{"line":10,"column":2}}]},"2":{"line":14,"type":"if","locations":[{"start":{"line":14,"column":2},"end":{"line":14,"column":2}},{"start":{"line":14,"column":2},"end":{"line":14,"column":2}}]},"3":{"line":14,"type":"binary-expr","locations":[{"start":{"line":14,"column":6},"end":{"line":14,"column":28}},{"start":{"line":14,"column":32},"end":{"line":14,"column":66}}]},"4":{"line":22,"type":"binary-expr","locations":[{"start":{"line":22,"column":25},"end":{"line":22,"column":73}},{"start":{"line":22,"column":77},"end":{"line":22,"column":78}}]},"5":{"line":30,"type":"if","locations":[{"start":{"line":30,"column":2},"end":{"line":30,"column":2}},{"start":{"line":30,"column":2},"end":{"line":30,"column":2}}]},"6":{"line":34,"type":"if","locations":[{"start":{"line":34,"column":2},"end":{"line":34,"column":2}},{"start":{"line":34,"column":2},"end":{"line":34,"column":2}}]}},"code":["'use strict'","","var NAMES = require('../../metrics/names.js')","","// CONSTANTS","var TO_MILLIS = 1e3","","function recordWeb(segment, scope) {","  // in web metrics, scope is required","  if (!scope) return","","  var transaction = segment.transaction","  // if there was a nested webTransaction use its recorder instead","  if (transaction.webSegment && segment !== transaction.webSegment) return","","  var duration = segment.getDurationInMillis()","  var totalTime = transaction.trace.getTotalTimeDurationInMillis()","  var exclusive = segment.getExclusiveDurationInMillis()","  var partial = segment.partialName","  var config = segment.transaction.agent.config","  // named / key transaction support requires per-name apdexT","  var keyApdexInMillis = config.web_transactions_apdex[scope] * TO_MILLIS || 0","","  transaction.measure(NAMES.WEB.RESPONSE_TIME, null, duration, exclusive)","  transaction.measure(NAMES.WEB.TOTAL_TIME, null, totalTime, exclusive)","  transaction.measure(NAMES.HTTP, null, duration, exclusive)","  transaction.measure(scope, null, duration, exclusive)","  transaction.measure(NAMES.WEB.TOTAL_TIME + '/' + partial, null, totalTime, exclusive)","","  if (transaction.queueTime > 0) {","    transaction.measure(NAMES.QUEUETIME, null, transaction.queueTime)","  }","","  if (transaction.incomingCatId) {","    transaction.measure(","        NAMES.CLIENT_APPLICATION + '/' + transaction.incomingCatId + \"/all\",","        null,","        transaction.catResponseTime","      )","  }","  transaction._setApdex(NAMES.APDEX + '/' + partial, duration, keyApdexInMillis)","  transaction._setApdex(NAMES.APDEX, duration, keyApdexInMillis)","}","","module.exports = recordWeb",""],"l":{"3":1,"6":1,"8":1,"10":0,"12":0,"14":0,"16":0,"17":0,"18":0,"19":0,"20":0,"22":0,"24":0,"25":0,"26":0,"27":0,"28":0,"30":0,"31":0,"34":0,"35":0,"41":0,"42":0,"45":1}},"/home/travis/build/npmtest/node-npmtest-newrelic/newrelic/lib/metrics/recorders/other.js":{"path":"/home/travis/build/npmtest/node-npmtest-newrelic/newrelic/lib/metrics/recorders/other.js","s":{"1":1,"2":1,"3":0,"4":0,"5":0,"6":0,"7":0,"8":0,"9":0,"10":0,"11":0,"12":0,"13":0,"14":0,"15":0,"16":1},"b":{"1":[0,0],"2":[0,0],"3":[0,0]},"f":{"1":0},"fnMap":{"1":{"name":"recordBackground","line":5,"loc":{"start":{"line":5,"column":0},"end":{"line":5,"column":42}}}},"statementMap":{"1":{"start":{"line":3,"column":0},"end":{"line":3,"column":45}},"2":{"start":{"line":5,"column":0},"end":{"line":34,"column":1}},"3":{"start":{"line":7,"column":2},"end":{"line":7,"column":39}},"4":{"start":{"line":8,"column":2},"end":{"line":8,"column":72}},"5":{"start":{"line":8,"column":66},"end":{"line":8,"column":72}},"6":{"start":{"line":10,"column":2},"end":{"line":10,"column":46}},"7":{"start":{"line":11,"column":2},"end":{"line":11,"column":56}},"8":{"start":{"line":12,"column":2},"end":{"line":12,"column":74}},"9":{"start":{"line":13,"column":2},"end":{"line":13,"column":33}},"10":{"start":{"line":14,"column":2},"end":{"line":14,"column":39}},"11":{"start":{"line":16,"column":2},"end":{"line":24,"column":3}},"12":{"start":{"line":17,"column":4},"end":{"line":17,"column":57}},"13":{"start":{"line":18,"column":4},"end":{"line":23,"column":5}},"14":{"start":{"line":27,"column":2},"end":{"line":32,"column":3}},"15":{"start":{"line":33,"column":2},"end":{"line":33,"column":78}},"16":{"start":{"line":36,"column":0},"end":{"line":36,"column":33}}},"branchMap":{"1":{"line":8,"type":"if","locations":[{"start":{"line":8,"column":2},"end":{"line":8,"column":2}},{"start":{"line":8,"column":2},"end":{"line":8,"column":2}}]},"2":{"line":8,"type":"binary-expr","locations":[{"start":{"line":8,"column":6},"end":{"line":8,"column":27}},{"start":{"line":8,"column":31},"end":{"line":8,"column":64}}]},"3":{"line":16,"type":"if","locations":[{"start":{"line":16,"column":2},"end":{"line":16,"column":2}},{"start":{"line":16,"column":2},"end":{"line":16,"column":2}}]}},"code":["'use strict'","","var NAMES = require('../../metrics/names.js')","","function recordBackground(segment, scope) {","  // if there was a nested otherTransaction use its recorder instead","  var transaction = segment.transaction","  if (transaction.bgSegment && segment !== transaction.bgSegment) return","","  var duration = segment.getDurationInMillis()","  var exclusive = segment.getExclusiveDurationInMillis()","  var totalTime = segment.transaction.trace.getTotalTimeDurationInMillis()","  var group = segment.partialName","  var name = group + '/' + segment.name","","  if (scope) {","    transaction.measure(scope, null, duration, exclusive)","    transaction.measure(","      NAMES.BACKGROUND.TOTAL_TIME + '/' + name,","      null,","      totalTime,","      exclusive","    )","  }","  // rollup for background total time doesn't have `/all` where the response","  // time version does.","  transaction.measure(","    NAMES.BACKGROUND.RESPONSE_TIME + '/all',","    null,","    duration,","    exclusive","  )","  transaction.measure(NAMES.BACKGROUND.TOTAL_TIME, null, totalTime, exclusive)","}","","module.exports = recordBackground",""],"l":{"3":1,"5":1,"7":0,"8":0,"10":0,"11":0,"12":0,"13":0,"14":0,"16":0,"17":0,"18":0,"27":0,"33":0,"36":1}},"/home/travis/build/npmtest/node-npmtest-newrelic/newrelic/lib/metrics/recorders/custom.js":{"path":"/home/travis/build/npmtest/node-npmtest-newrelic/newrelic/lib/metrics/recorders/custom.js","s":{"1":1,"2":1,"3":0,"4":0,"5":0,"6":0,"7":0,"8":0,"9":0,"10":1},"b":{"1":[0,0]},"f":{"1":0},"fnMap":{"1":{"name":"record","line":5,"loc":{"start":{"line":5,"column":0},"end":{"line":5,"column":32}}}},"statementMap":{"1":{"start":{"line":3,"column":0},"end":{"line":3,"column":31}},"2":{"start":{"line":5,"column":0},"end":{"line":14,"column":1}},"3":{"start":{"line":6,"column":2},"end":{"line":6,"column":46}},"4":{"start":{"line":7,"column":2},"end":{"line":7,"column":56}},"5":{"start":{"line":8,"column":2},"end":{"line":8,"column":39}},"6":{"start":{"line":9,"column":2},"end":{"line":9,"column":65}},"7":{"start":{"line":11,"column":2},"end":{"line":11,"column":66}},"8":{"start":{"line":11,"column":13},"end":{"line":11,"column":66}},"9":{"start":{"line":13,"column":2},"end":{"line":13,"column":54}},"10":{"start":{"line":16,"column":0},"end":{"line":16,"column":23}}},"branchMap":{"1":{"line":11,"type":"if","locations":[{"start":{"line":11,"column":2},"end":{"line":11,"column":2}},{"start":{"line":11,"column":2},"end":{"line":11,"column":2}}]}},"code":["'use strict'","","var NAMES = require('../names')","","function record(segment, scope) {","  var duration = segment.getDurationInMillis()","  var exclusive = segment.getExclusiveDurationInMillis()","  var transaction = segment.transaction","  var name = NAMES.CUSTOM + NAMES.ACTION_DELIMITER + segment.name","","  if (scope) transaction.measure(name, scope, duration, exclusive)","","  transaction.measure(name, null, duration, exclusive)","}","","module.exports = record",""],"l":{"3":1,"5":1,"6":0,"7":0,"8":0,"9":0,"11":0,"13":0,"16":1}}}